2026-03-02 17:30:53,112 - __main__ - INFO - Loading 4 raw data files
2026-03-02 17:30:53,235 - __main__ - INFO - Loaded 4849 rows for GHED_CHE_pc_US_SHA2011
2026-03-02 17:30:53,573 - __main__ - INFO - Loaded 63070 rows for MDG_0000000007
2026-03-02 17:30:53,609 - __main__ - INFO - Loaded 7878 rows for MDG_0000000026
2026-03-02 17:30:53,678 - __main__ - INFO - Loaded 12936 rows for WHOSIS_000001
2026-03-02 17:30:53,678 - __main__ - INFO - Transforming data for indicator: GHED_CHE_pc_US_SHA2011
2026-03-02 17:30:53,679 - __main__ - INFO - Starting transformation for indicator: GHED_CHE_pc_US_SHA2011
2026-03-02 17:30:53,786 - __main__ - INFO - Completed transformation for GHED_CHE_pc_US_SHA2011. Rows: 4849
2026-03-02 17:30:53,786 - __main__ - INFO - Transforming data for indicator: MDG_0000000007
2026-03-02 17:30:53,786 - __main__ - INFO - Starting transformation for indicator: MDG_0000000007
2026-03-02 17:30:53,976 - __main__ - INFO - Completed transformation for MDG_0000000007. Rows: 63070
2026-03-02 17:30:53,976 - __main__ - INFO - Transforming data for indicator: MDG_0000000026
2026-03-02 17:30:53,976 - __main__ - INFO - Starting transformation for indicator: MDG_0000000026
2026-03-02 17:30:54,021 - __main__ - INFO - Completed transformation for MDG_0000000026. Rows: 7878
2026-03-02 17:30:54,021 - __main__ - INFO - Transforming data for indicator: WHOSIS_000001
2026-03-02 17:30:54,021 - __main__ - INFO - Starting transformation for indicator: WHOSIS_000001
2026-03-02 17:30:54,096 - __main__ - INFO - Completed transformation for WHOSIS_000001. Rows: 12936
2026-03-02 17:30:54,264 - __main__ - INFO - Saved transformed data for GHED_CHE_pc_US_SHA2011 to c:\Users\CarlyLOUIS\Documents\airflow_ETL\healthcare-etl-pipeline\dags\data\processed\GHED_CHE_pc_US_SHA2011_transformed.csv
2026-03-02 17:30:57,011 - __main__ - INFO - Saved transformed data for MDG_0000000007 to c:\Users\CarlyLOUIS\Documents\airflow_ETL\healthcare-etl-pipeline\dags\data\processed\MDG_0000000007_transformed.csv
2026-03-02 17:30:57,414 - __main__ - INFO - Saved transformed data for MDG_0000000026 to c:\Users\CarlyLOUIS\Documents\airflow_ETL\healthcare-etl-pipeline\dags\data\processed\MDG_0000000026_transformed.csv
2026-03-02 17:30:57,883 - __main__ - INFO - Saved transformed data for WHOSIS_000001 to c:\Users\CarlyLOUIS\Documents\airflow_ETL\healthcare-etl-pipeline\dags\data\processed\WHOSIS_000001_transformed.csv
2026-03-02 17:31:00,063 - __main__ - INFO - Saved combined transformed data to c:\Users\CarlyLOUIS\Documents\airflow_ETL\healthcare-etl-pipeline\dags\data\processed\transformed_data.csv
2026-03-02 17:31:00,080 - __main__ - INFO - Transformation complete. Processed 4 indicators
