[2026-02-22T17:53:04.317+0000] {processor.py:157} INFO - Started process (PID=162) to work on /opt/airflow/dags/airflow_dag.py
[2026-02-22T17:53:04.333+0000] {processor.py:829} INFO - Processing file /opt/airflow/dags/airflow_dag.py for tasks to queue
[2026-02-22T17:53:04.341+0000] {logging_mixin.py:154} INFO - [2026-02-22T17:53:04.340+0000] {dagbag.py:536} INFO - Filling up the DagBag from /opt/airflow/dags/airflow_dag.py
[2026-02-22T17:53:08.104+0000] {logging_mixin.py:154} INFO - [2026-02-22T17:53:08.015+0000] {dagbag.py:346} ERROR - Failed to import: /opt/airflow/dags/airflow_dag.py
Traceback (most recent call last):
  File "/home/airflow/.local/lib/python3.8/site-packages/airflow/models/dagbag.py", line 342, in parse
    loader.exec_module(new_module)
  File "<frozen importlib._bootstrap_external>", line 843, in exec_module
  File "<frozen importlib._bootstrap>", line 219, in _call_with_frames_removed
  File "/opt/airflow/dags/airflow_dag.py", line 9, in <module>
    import data_loader as loader
  File "/opt/airflow/dags/data_loader.py", line 35, in <module>
    class DataLoader:
  File "/opt/airflow/dags/data_loader.py", line 38, in DataLoader
    def __init__(self, db_config: dict | None = None):
TypeError: unsupported operand type(s) for |: 'type' and 'NoneType'
[2026-02-22T17:53:08.123+0000] {processor.py:841} WARNING - No viable dags retrieved from /opt/airflow/dags/airflow_dag.py
[2026-02-22T17:53:08.278+0000] {processor.py:179} INFO - Processing /opt/airflow/dags/airflow_dag.py took 4.020 seconds
[2026-02-22T17:53:38.732+0000] {processor.py:157} INFO - Started process (PID=168) to work on /opt/airflow/dags/airflow_dag.py
[2026-02-22T17:53:38.736+0000] {processor.py:829} INFO - Processing file /opt/airflow/dags/airflow_dag.py for tasks to queue
[2026-02-22T17:53:38.739+0000] {logging_mixin.py:154} INFO - [2026-02-22T17:53:38.738+0000] {dagbag.py:536} INFO - Filling up the DagBag from /opt/airflow/dags/airflow_dag.py
[2026-02-22T17:53:39.320+0000] {logging_mixin.py:154} INFO - [2026-02-22T17:53:39.304+0000] {dagbag.py:346} ERROR - Failed to import: /opt/airflow/dags/airflow_dag.py
Traceback (most recent call last):
  File "/home/airflow/.local/lib/python3.8/site-packages/airflow/models/dagbag.py", line 342, in parse
    loader.exec_module(new_module)
  File "<frozen importlib._bootstrap_external>", line 843, in exec_module
  File "<frozen importlib._bootstrap>", line 219, in _call_with_frames_removed
  File "/opt/airflow/dags/airflow_dag.py", line 9, in <module>
    import data_loader as loader
  File "/opt/airflow/dags/data_loader.py", line 35, in <module>
    class DataLoader:
  File "/opt/airflow/dags/data_loader.py", line 38, in DataLoader
    def __init__(self, db_config: dict | None = None):
TypeError: unsupported operand type(s) for |: 'type' and 'NoneType'
[2026-02-22T17:53:39.322+0000] {processor.py:841} WARNING - No viable dags retrieved from /opt/airflow/dags/airflow_dag.py
[2026-02-22T17:53:39.364+0000] {processor.py:179} INFO - Processing /opt/airflow/dags/airflow_dag.py took 0.646 seconds
[2026-02-22T17:54:09.639+0000] {processor.py:157} INFO - Started process (PID=174) to work on /opt/airflow/dags/airflow_dag.py
[2026-02-22T17:54:09.643+0000] {processor.py:829} INFO - Processing file /opt/airflow/dags/airflow_dag.py for tasks to queue
[2026-02-22T17:54:09.647+0000] {logging_mixin.py:154} INFO - [2026-02-22T17:54:09.645+0000] {dagbag.py:536} INFO - Filling up the DagBag from /opt/airflow/dags/airflow_dag.py
[2026-02-22T17:54:10.836+0000] {logging_mixin.py:154} INFO - [2026-02-22T17:54:10.825+0000] {dagbag.py:346} ERROR - Failed to import: /opt/airflow/dags/airflow_dag.py
Traceback (most recent call last):
  File "/home/airflow/.local/lib/python3.8/site-packages/airflow/models/dagbag.py", line 342, in parse
    loader.exec_module(new_module)
  File "<frozen importlib._bootstrap_external>", line 843, in exec_module
  File "<frozen importlib._bootstrap>", line 219, in _call_with_frames_removed
  File "/opt/airflow/dags/airflow_dag.py", line 9, in <module>
    import data_loader as loader
  File "/opt/airflow/dags/data_loader.py", line 35, in <module>
    class DataLoader:
  File "/opt/airflow/dags/data_loader.py", line 38, in DataLoader
    def __init__(self, db_config: dict | None = None):
TypeError: unsupported operand type(s) for |: 'type' and 'NoneType'
[2026-02-22T17:54:10.837+0000] {processor.py:841} WARNING - No viable dags retrieved from /opt/airflow/dags/airflow_dag.py
[2026-02-22T17:54:10.876+0000] {processor.py:179} INFO - Processing /opt/airflow/dags/airflow_dag.py took 1.248 seconds
[2026-02-22T17:54:41.132+0000] {processor.py:157} INFO - Started process (PID=180) to work on /opt/airflow/dags/airflow_dag.py
[2026-02-22T17:54:41.133+0000] {processor.py:829} INFO - Processing file /opt/airflow/dags/airflow_dag.py for tasks to queue
[2026-02-22T17:54:41.134+0000] {logging_mixin.py:154} INFO - [2026-02-22T17:54:41.134+0000] {dagbag.py:536} INFO - Filling up the DagBag from /opt/airflow/dags/airflow_dag.py
[2026-02-22T17:54:41.911+0000] {logging_mixin.py:154} INFO - [2026-02-22T17:54:41.905+0000] {dagbag.py:346} ERROR - Failed to import: /opt/airflow/dags/airflow_dag.py
Traceback (most recent call last):
  File "/home/airflow/.local/lib/python3.8/site-packages/airflow/models/dagbag.py", line 342, in parse
    loader.exec_module(new_module)
  File "<frozen importlib._bootstrap_external>", line 843, in exec_module
  File "<frozen importlib._bootstrap>", line 219, in _call_with_frames_removed
  File "/opt/airflow/dags/airflow_dag.py", line 9, in <module>
    import data_loader as loader
  File "/opt/airflow/dags/data_loader.py", line 35, in <module>
    class DataLoader:
  File "/opt/airflow/dags/data_loader.py", line 38, in DataLoader
    def __init__(self, db_config: dict | None = None):
TypeError: unsupported operand type(s) for |: 'type' and 'NoneType'
[2026-02-22T17:54:41.912+0000] {processor.py:841} WARNING - No viable dags retrieved from /opt/airflow/dags/airflow_dag.py
[2026-02-22T17:54:41.937+0000] {processor.py:179} INFO - Processing /opt/airflow/dags/airflow_dag.py took 0.808 seconds
[2026-02-22T17:55:12.038+0000] {processor.py:157} INFO - Started process (PID=186) to work on /opt/airflow/dags/airflow_dag.py
[2026-02-22T17:55:12.039+0000] {processor.py:829} INFO - Processing file /opt/airflow/dags/airflow_dag.py for tasks to queue
[2026-02-22T17:55:12.040+0000] {logging_mixin.py:154} INFO - [2026-02-22T17:55:12.040+0000] {dagbag.py:536} INFO - Filling up the DagBag from /opt/airflow/dags/airflow_dag.py
[2026-02-22T17:55:12.530+0000] {logging_mixin.py:154} INFO - [2026-02-22T17:55:12.525+0000] {dagbag.py:346} ERROR - Failed to import: /opt/airflow/dags/airflow_dag.py
Traceback (most recent call last):
  File "/home/airflow/.local/lib/python3.8/site-packages/airflow/models/dagbag.py", line 342, in parse
    loader.exec_module(new_module)
  File "<frozen importlib._bootstrap_external>", line 843, in exec_module
  File "<frozen importlib._bootstrap>", line 219, in _call_with_frames_removed
  File "/opt/airflow/dags/airflow_dag.py", line 9, in <module>
    import data_loader as loader
  File "/opt/airflow/dags/data_loader.py", line 35, in <module>
    class DataLoader:
  File "/opt/airflow/dags/data_loader.py", line 38, in DataLoader
    def __init__(self, db_config: dict | None = None):
TypeError: unsupported operand type(s) for |: 'type' and 'NoneType'
[2026-02-22T17:55:12.531+0000] {processor.py:841} WARNING - No viable dags retrieved from /opt/airflow/dags/airflow_dag.py
[2026-02-22T17:55:12.553+0000] {processor.py:179} INFO - Processing /opt/airflow/dags/airflow_dag.py took 0.517 seconds
[2026-02-22T17:55:42.791+0000] {processor.py:157} INFO - Started process (PID=192) to work on /opt/airflow/dags/airflow_dag.py
[2026-02-22T17:55:42.792+0000] {processor.py:829} INFO - Processing file /opt/airflow/dags/airflow_dag.py for tasks to queue
[2026-02-22T17:55:42.793+0000] {logging_mixin.py:154} INFO - [2026-02-22T17:55:42.793+0000] {dagbag.py:536} INFO - Filling up the DagBag from /opt/airflow/dags/airflow_dag.py
[2026-02-22T17:55:43.127+0000] {logging_mixin.py:154} INFO - [2026-02-22T17:55:43.120+0000] {dagbag.py:346} ERROR - Failed to import: /opt/airflow/dags/airflow_dag.py
Traceback (most recent call last):
  File "/home/airflow/.local/lib/python3.8/site-packages/airflow/models/dagbag.py", line 342, in parse
    loader.exec_module(new_module)
  File "<frozen importlib._bootstrap_external>", line 843, in exec_module
  File "<frozen importlib._bootstrap>", line 219, in _call_with_frames_removed
  File "/opt/airflow/dags/airflow_dag.py", line 9, in <module>
    import data_loader as loader
  File "/opt/airflow/dags/data_loader.py", line 35, in <module>
    class DataLoader:
  File "/opt/airflow/dags/data_loader.py", line 38, in DataLoader
    def __init__(self, db_config: dict | None = None):
TypeError: unsupported operand type(s) for |: 'type' and 'NoneType'
[2026-02-22T17:55:43.128+0000] {processor.py:841} WARNING - No viable dags retrieved from /opt/airflow/dags/airflow_dag.py
[2026-02-22T17:55:43.161+0000] {processor.py:179} INFO - Processing /opt/airflow/dags/airflow_dag.py took 0.375 seconds
[2026-02-22T17:56:13.478+0000] {processor.py:157} INFO - Started process (PID=198) to work on /opt/airflow/dags/airflow_dag.py
[2026-02-22T17:56:13.479+0000] {processor.py:829} INFO - Processing file /opt/airflow/dags/airflow_dag.py for tasks to queue
[2026-02-22T17:56:13.481+0000] {logging_mixin.py:154} INFO - [2026-02-22T17:56:13.481+0000] {dagbag.py:536} INFO - Filling up the DagBag from /opt/airflow/dags/airflow_dag.py
[2026-02-22T17:56:13.813+0000] {logging_mixin.py:154} INFO - [2026-02-22T17:56:13.807+0000] {dagbag.py:346} ERROR - Failed to import: /opt/airflow/dags/airflow_dag.py
Traceback (most recent call last):
  File "/home/airflow/.local/lib/python3.8/site-packages/airflow/models/dagbag.py", line 342, in parse
    loader.exec_module(new_module)
  File "<frozen importlib._bootstrap_external>", line 843, in exec_module
  File "<frozen importlib._bootstrap>", line 219, in _call_with_frames_removed
  File "/opt/airflow/dags/airflow_dag.py", line 9, in <module>
    import data_loader as loader
  File "/opt/airflow/dags/data_loader.py", line 35, in <module>
    class DataLoader:
  File "/opt/airflow/dags/data_loader.py", line 38, in DataLoader
    def __init__(self, db_config: dict | None = None):
TypeError: unsupported operand type(s) for |: 'type' and 'NoneType'
[2026-02-22T17:56:13.814+0000] {processor.py:841} WARNING - No viable dags retrieved from /opt/airflow/dags/airflow_dag.py
[2026-02-22T17:56:13.840+0000] {processor.py:179} INFO - Processing /opt/airflow/dags/airflow_dag.py took 0.365 seconds
[2026-02-22T17:56:44.092+0000] {processor.py:157} INFO - Started process (PID=204) to work on /opt/airflow/dags/airflow_dag.py
[2026-02-22T17:56:44.094+0000] {processor.py:829} INFO - Processing file /opt/airflow/dags/airflow_dag.py for tasks to queue
[2026-02-22T17:56:44.096+0000] {logging_mixin.py:154} INFO - [2026-02-22T17:56:44.095+0000] {dagbag.py:536} INFO - Filling up the DagBag from /opt/airflow/dags/airflow_dag.py
[2026-02-22T17:56:44.450+0000] {logging_mixin.py:154} INFO - [2026-02-22T17:56:44.443+0000] {dagbag.py:346} ERROR - Failed to import: /opt/airflow/dags/airflow_dag.py
Traceback (most recent call last):
  File "/home/airflow/.local/lib/python3.8/site-packages/airflow/models/dagbag.py", line 342, in parse
    loader.exec_module(new_module)
  File "<frozen importlib._bootstrap_external>", line 843, in exec_module
  File "<frozen importlib._bootstrap>", line 219, in _call_with_frames_removed
  File "/opt/airflow/dags/airflow_dag.py", line 9, in <module>
    import data_loader as loader
  File "/opt/airflow/dags/data_loader.py", line 35, in <module>
    class DataLoader:
  File "/opt/airflow/dags/data_loader.py", line 38, in DataLoader
    def __init__(self, db_config: dict | None = None):
TypeError: unsupported operand type(s) for |: 'type' and 'NoneType'
[2026-02-22T17:56:44.451+0000] {processor.py:841} WARNING - No viable dags retrieved from /opt/airflow/dags/airflow_dag.py
[2026-02-22T17:56:44.489+0000] {processor.py:179} INFO - Processing /opt/airflow/dags/airflow_dag.py took 0.401 seconds
[2026-02-22T17:57:14.714+0000] {processor.py:157} INFO - Started process (PID=210) to work on /opt/airflow/dags/airflow_dag.py
[2026-02-22T17:57:14.716+0000] {processor.py:829} INFO - Processing file /opt/airflow/dags/airflow_dag.py for tasks to queue
[2026-02-22T17:57:14.717+0000] {logging_mixin.py:154} INFO - [2026-02-22T17:57:14.716+0000] {dagbag.py:536} INFO - Filling up the DagBag from /opt/airflow/dags/airflow_dag.py
[2026-02-22T17:57:15.169+0000] {logging_mixin.py:154} INFO - [2026-02-22T17:57:15.164+0000] {dagbag.py:346} ERROR - Failed to import: /opt/airflow/dags/airflow_dag.py
Traceback (most recent call last):
  File "/home/airflow/.local/lib/python3.8/site-packages/airflow/models/dagbag.py", line 342, in parse
    loader.exec_module(new_module)
  File "<frozen importlib._bootstrap_external>", line 843, in exec_module
  File "<frozen importlib._bootstrap>", line 219, in _call_with_frames_removed
  File "/opt/airflow/dags/airflow_dag.py", line 9, in <module>
    import data_loader as loader
  File "/opt/airflow/dags/data_loader.py", line 35, in <module>
    class DataLoader:
  File "/opt/airflow/dags/data_loader.py", line 38, in DataLoader
    def __init__(self, db_config: dict | None = None):
TypeError: unsupported operand type(s) for |: 'type' and 'NoneType'
[2026-02-22T17:57:15.170+0000] {processor.py:841} WARNING - No viable dags retrieved from /opt/airflow/dags/airflow_dag.py
[2026-02-22T17:57:15.189+0000] {processor.py:179} INFO - Processing /opt/airflow/dags/airflow_dag.py took 0.480 seconds
[2026-02-22T17:57:45.431+0000] {processor.py:157} INFO - Started process (PID=216) to work on /opt/airflow/dags/airflow_dag.py
[2026-02-22T17:57:45.432+0000] {processor.py:829} INFO - Processing file /opt/airflow/dags/airflow_dag.py for tasks to queue
[2026-02-22T17:57:45.433+0000] {logging_mixin.py:154} INFO - [2026-02-22T17:57:45.432+0000] {dagbag.py:536} INFO - Filling up the DagBag from /opt/airflow/dags/airflow_dag.py
[2026-02-22T17:57:45.818+0000] {logging_mixin.py:154} INFO - [2026-02-22T17:57:45.813+0000] {dagbag.py:346} ERROR - Failed to import: /opt/airflow/dags/airflow_dag.py
Traceback (most recent call last):
  File "/home/airflow/.local/lib/python3.8/site-packages/airflow/models/dagbag.py", line 342, in parse
    loader.exec_module(new_module)
  File "<frozen importlib._bootstrap_external>", line 843, in exec_module
  File "<frozen importlib._bootstrap>", line 219, in _call_with_frames_removed
  File "/opt/airflow/dags/airflow_dag.py", line 9, in <module>
    import data_loader as loader
  File "/opt/airflow/dags/data_loader.py", line 35, in <module>
    class DataLoader:
  File "/opt/airflow/dags/data_loader.py", line 38, in DataLoader
    def __init__(self, db_config: dict | None = None):
TypeError: unsupported operand type(s) for |: 'type' and 'NoneType'
[2026-02-22T17:57:45.819+0000] {processor.py:841} WARNING - No viable dags retrieved from /opt/airflow/dags/airflow_dag.py
[2026-02-22T17:57:45.843+0000] {processor.py:179} INFO - Processing /opt/airflow/dags/airflow_dag.py took 0.415 seconds
[2026-02-22T17:58:16.112+0000] {processor.py:157} INFO - Started process (PID=222) to work on /opt/airflow/dags/airflow_dag.py
[2026-02-22T17:58:16.113+0000] {processor.py:829} INFO - Processing file /opt/airflow/dags/airflow_dag.py for tasks to queue
[2026-02-22T17:58:16.114+0000] {logging_mixin.py:154} INFO - [2026-02-22T17:58:16.113+0000] {dagbag.py:536} INFO - Filling up the DagBag from /opt/airflow/dags/airflow_dag.py
[2026-02-22T17:58:16.494+0000] {logging_mixin.py:154} INFO - [2026-02-22T17:58:16.490+0000] {dagbag.py:346} ERROR - Failed to import: /opt/airflow/dags/airflow_dag.py
Traceback (most recent call last):
  File "/home/airflow/.local/lib/python3.8/site-packages/airflow/models/dagbag.py", line 342, in parse
    loader.exec_module(new_module)
  File "<frozen importlib._bootstrap_external>", line 843, in exec_module
  File "<frozen importlib._bootstrap>", line 219, in _call_with_frames_removed
  File "/opt/airflow/dags/airflow_dag.py", line 9, in <module>
    import data_loader as loader
  File "/opt/airflow/dags/data_loader.py", line 35, in <module>
    class DataLoader:
  File "/opt/airflow/dags/data_loader.py", line 38, in DataLoader
    def __init__(self, db_config: dict | None = None):
TypeError: unsupported operand type(s) for |: 'type' and 'NoneType'
[2026-02-22T17:58:16.495+0000] {processor.py:841} WARNING - No viable dags retrieved from /opt/airflow/dags/airflow_dag.py
[2026-02-22T17:58:16.515+0000] {processor.py:179} INFO - Processing /opt/airflow/dags/airflow_dag.py took 0.407 seconds
[2026-02-22T17:58:46.764+0000] {processor.py:157} INFO - Started process (PID=228) to work on /opt/airflow/dags/airflow_dag.py
[2026-02-22T17:58:46.766+0000] {processor.py:829} INFO - Processing file /opt/airflow/dags/airflow_dag.py for tasks to queue
[2026-02-22T17:58:46.767+0000] {logging_mixin.py:154} INFO - [2026-02-22T17:58:46.767+0000] {dagbag.py:536} INFO - Filling up the DagBag from /opt/airflow/dags/airflow_dag.py
[2026-02-22T17:58:47.043+0000] {logging_mixin.py:154} INFO - [2026-02-22T17:58:47.038+0000] {dagbag.py:346} ERROR - Failed to import: /opt/airflow/dags/airflow_dag.py
Traceback (most recent call last):
  File "/home/airflow/.local/lib/python3.8/site-packages/airflow/models/dagbag.py", line 342, in parse
    loader.exec_module(new_module)
  File "<frozen importlib._bootstrap_external>", line 843, in exec_module
  File "<frozen importlib._bootstrap>", line 219, in _call_with_frames_removed
  File "/opt/airflow/dags/airflow_dag.py", line 9, in <module>
    import data_loader as loader
  File "/opt/airflow/dags/data_loader.py", line 35, in <module>
    class DataLoader:
  File "/opt/airflow/dags/data_loader.py", line 38, in DataLoader
    def __init__(self, db_config: dict | None = None):
TypeError: unsupported operand type(s) for |: 'type' and 'NoneType'
[2026-02-22T17:58:47.044+0000] {processor.py:841} WARNING - No viable dags retrieved from /opt/airflow/dags/airflow_dag.py
[2026-02-22T17:58:47.072+0000] {processor.py:179} INFO - Processing /opt/airflow/dags/airflow_dag.py took 0.310 seconds
[2026-02-22T17:59:17.355+0000] {processor.py:157} INFO - Started process (PID=234) to work on /opt/airflow/dags/airflow_dag.py
[2026-02-22T17:59:17.356+0000] {processor.py:829} INFO - Processing file /opt/airflow/dags/airflow_dag.py for tasks to queue
[2026-02-22T17:59:17.357+0000] {logging_mixin.py:154} INFO - [2026-02-22T17:59:17.357+0000] {dagbag.py:536} INFO - Filling up the DagBag from /opt/airflow/dags/airflow_dag.py
[2026-02-22T17:59:17.642+0000] {logging_mixin.py:154} INFO - [2026-02-22T17:59:17.637+0000] {dagbag.py:346} ERROR - Failed to import: /opt/airflow/dags/airflow_dag.py
Traceback (most recent call last):
  File "/home/airflow/.local/lib/python3.8/site-packages/airflow/models/dagbag.py", line 342, in parse
    loader.exec_module(new_module)
  File "<frozen importlib._bootstrap_external>", line 843, in exec_module
  File "<frozen importlib._bootstrap>", line 219, in _call_with_frames_removed
  File "/opt/airflow/dags/airflow_dag.py", line 9, in <module>
    import data_loader as loader
  File "/opt/airflow/dags/data_loader.py", line 35, in <module>
    class DataLoader:
  File "/opt/airflow/dags/data_loader.py", line 38, in DataLoader
    def __init__(self, db_config: dict | None = None):
TypeError: unsupported operand type(s) for |: 'type' and 'NoneType'
[2026-02-22T17:59:17.643+0000] {processor.py:841} WARNING - No viable dags retrieved from /opt/airflow/dags/airflow_dag.py
[2026-02-22T17:59:17.668+0000] {processor.py:179} INFO - Processing /opt/airflow/dags/airflow_dag.py took 0.316 seconds
[2026-02-22T17:59:47.933+0000] {processor.py:157} INFO - Started process (PID=240) to work on /opt/airflow/dags/airflow_dag.py
[2026-02-22T17:59:47.934+0000] {processor.py:829} INFO - Processing file /opt/airflow/dags/airflow_dag.py for tasks to queue
[2026-02-22T17:59:47.935+0000] {logging_mixin.py:154} INFO - [2026-02-22T17:59:47.934+0000] {dagbag.py:536} INFO - Filling up the DagBag from /opt/airflow/dags/airflow_dag.py
[2026-02-22T17:59:48.220+0000] {logging_mixin.py:154} INFO - [2026-02-22T17:59:48.214+0000] {dagbag.py:346} ERROR - Failed to import: /opt/airflow/dags/airflow_dag.py
Traceback (most recent call last):
  File "/home/airflow/.local/lib/python3.8/site-packages/airflow/models/dagbag.py", line 342, in parse
    loader.exec_module(new_module)
  File "<frozen importlib._bootstrap_external>", line 843, in exec_module
  File "<frozen importlib._bootstrap>", line 219, in _call_with_frames_removed
  File "/opt/airflow/dags/airflow_dag.py", line 9, in <module>
    import data_loader as loader
  File "/opt/airflow/dags/data_loader.py", line 35, in <module>
    class DataLoader:
  File "/opt/airflow/dags/data_loader.py", line 38, in DataLoader
    def __init__(self, db_config: dict | None = None):
TypeError: unsupported operand type(s) for |: 'type' and 'NoneType'
[2026-02-22T17:59:48.221+0000] {processor.py:841} WARNING - No viable dags retrieved from /opt/airflow/dags/airflow_dag.py
[2026-02-22T17:59:48.355+0000] {processor.py:179} INFO - Processing /opt/airflow/dags/airflow_dag.py took 0.426 seconds
[2026-02-22T18:00:18.623+0000] {processor.py:157} INFO - Started process (PID=246) to work on /opt/airflow/dags/airflow_dag.py
[2026-02-22T18:00:18.624+0000] {processor.py:829} INFO - Processing file /opt/airflow/dags/airflow_dag.py for tasks to queue
[2026-02-22T18:00:18.625+0000] {logging_mixin.py:154} INFO - [2026-02-22T18:00:18.625+0000] {dagbag.py:536} INFO - Filling up the DagBag from /opt/airflow/dags/airflow_dag.py
[2026-02-22T18:00:19.006+0000] {logging_mixin.py:154} INFO - [2026-02-22T18:00:19.000+0000] {dagbag.py:346} ERROR - Failed to import: /opt/airflow/dags/airflow_dag.py
Traceback (most recent call last):
  File "/home/airflow/.local/lib/python3.8/site-packages/airflow/models/dagbag.py", line 342, in parse
    loader.exec_module(new_module)
  File "<frozen importlib._bootstrap_external>", line 843, in exec_module
  File "<frozen importlib._bootstrap>", line 219, in _call_with_frames_removed
  File "/opt/airflow/dags/airflow_dag.py", line 9, in <module>
    import data_loader as loader
  File "/opt/airflow/dags/data_loader.py", line 35, in <module>
    class DataLoader:
  File "/opt/airflow/dags/data_loader.py", line 38, in DataLoader
    def __init__(self, db_config: dict | None = None):
TypeError: unsupported operand type(s) for |: 'type' and 'NoneType'
[2026-02-22T18:00:19.008+0000] {processor.py:841} WARNING - No viable dags retrieved from /opt/airflow/dags/airflow_dag.py
[2026-02-22T18:00:19.036+0000] {processor.py:179} INFO - Processing /opt/airflow/dags/airflow_dag.py took 0.416 seconds
[2026-02-22T18:00:49.302+0000] {processor.py:157} INFO - Started process (PID=252) to work on /opt/airflow/dags/airflow_dag.py
[2026-02-22T18:00:49.303+0000] {processor.py:829} INFO - Processing file /opt/airflow/dags/airflow_dag.py for tasks to queue
[2026-02-22T18:00:49.304+0000] {logging_mixin.py:154} INFO - [2026-02-22T18:00:49.303+0000] {dagbag.py:536} INFO - Filling up the DagBag from /opt/airflow/dags/airflow_dag.py
[2026-02-22T18:00:49.676+0000] {logging_mixin.py:154} INFO - [2026-02-22T18:00:49.671+0000] {dagbag.py:346} ERROR - Failed to import: /opt/airflow/dags/airflow_dag.py
Traceback (most recent call last):
  File "/home/airflow/.local/lib/python3.8/site-packages/airflow/models/dagbag.py", line 342, in parse
    loader.exec_module(new_module)
  File "<frozen importlib._bootstrap_external>", line 843, in exec_module
  File "<frozen importlib._bootstrap>", line 219, in _call_with_frames_removed
  File "/opt/airflow/dags/airflow_dag.py", line 9, in <module>
    import data_loader as loader
  File "/opt/airflow/dags/data_loader.py", line 35, in <module>
    class DataLoader:
  File "/opt/airflow/dags/data_loader.py", line 38, in DataLoader
    def __init__(self, db_config: dict | None = None):
TypeError: unsupported operand type(s) for |: 'type' and 'NoneType'
[2026-02-22T18:00:49.677+0000] {processor.py:841} WARNING - No viable dags retrieved from /opt/airflow/dags/airflow_dag.py
[2026-02-22T18:00:49.699+0000] {processor.py:179} INFO - Processing /opt/airflow/dags/airflow_dag.py took 0.400 seconds
[2026-02-22T18:01:19.976+0000] {processor.py:157} INFO - Started process (PID=258) to work on /opt/airflow/dags/airflow_dag.py
[2026-02-22T18:01:19.977+0000] {processor.py:829} INFO - Processing file /opt/airflow/dags/airflow_dag.py for tasks to queue
[2026-02-22T18:01:19.978+0000] {logging_mixin.py:154} INFO - [2026-02-22T18:01:19.978+0000] {dagbag.py:536} INFO - Filling up the DagBag from /opt/airflow/dags/airflow_dag.py
[2026-02-22T18:01:20.396+0000] {logging_mixin.py:154} INFO - [2026-02-22T18:01:20.390+0000] {dagbag.py:346} ERROR - Failed to import: /opt/airflow/dags/airflow_dag.py
Traceback (most recent call last):
  File "/home/airflow/.local/lib/python3.8/site-packages/airflow/models/dagbag.py", line 342, in parse
    loader.exec_module(new_module)
  File "<frozen importlib._bootstrap_external>", line 843, in exec_module
  File "<frozen importlib._bootstrap>", line 219, in _call_with_frames_removed
  File "/opt/airflow/dags/airflow_dag.py", line 9, in <module>
    import data_loader as loader
  File "/opt/airflow/dags/data_loader.py", line 35, in <module>
    class DataLoader:
  File "/opt/airflow/dags/data_loader.py", line 38, in DataLoader
    def __init__(self, db_config: dict | None = None):
TypeError: unsupported operand type(s) for |: 'type' and 'NoneType'
[2026-02-22T18:01:20.397+0000] {processor.py:841} WARNING - No viable dags retrieved from /opt/airflow/dags/airflow_dag.py
[2026-02-22T18:01:20.417+0000] {processor.py:179} INFO - Processing /opt/airflow/dags/airflow_dag.py took 0.443 seconds
[2026-02-22T18:01:50.698+0000] {processor.py:157} INFO - Started process (PID=264) to work on /opt/airflow/dags/airflow_dag.py
[2026-02-22T18:01:50.699+0000] {processor.py:829} INFO - Processing file /opt/airflow/dags/airflow_dag.py for tasks to queue
[2026-02-22T18:01:50.700+0000] {logging_mixin.py:154} INFO - [2026-02-22T18:01:50.700+0000] {dagbag.py:536} INFO - Filling up the DagBag from /opt/airflow/dags/airflow_dag.py
[2026-02-22T18:01:50.976+0000] {logging_mixin.py:154} INFO - [2026-02-22T18:01:50.970+0000] {dagbag.py:346} ERROR - Failed to import: /opt/airflow/dags/airflow_dag.py
Traceback (most recent call last):
  File "/home/airflow/.local/lib/python3.8/site-packages/airflow/models/dagbag.py", line 342, in parse
    loader.exec_module(new_module)
  File "<frozen importlib._bootstrap_external>", line 843, in exec_module
  File "<frozen importlib._bootstrap>", line 219, in _call_with_frames_removed
  File "/opt/airflow/dags/airflow_dag.py", line 9, in <module>
    import data_loader as loader
  File "/opt/airflow/dags/data_loader.py", line 35, in <module>
    class DataLoader:
  File "/opt/airflow/dags/data_loader.py", line 38, in DataLoader
    def __init__(self, db_config: dict | None = None):
TypeError: unsupported operand type(s) for |: 'type' and 'NoneType'
[2026-02-22T18:01:50.977+0000] {processor.py:841} WARNING - No viable dags retrieved from /opt/airflow/dags/airflow_dag.py
[2026-02-22T18:01:51.001+0000] {processor.py:179} INFO - Processing /opt/airflow/dags/airflow_dag.py took 0.306 seconds
[2026-02-22T18:02:21.255+0000] {processor.py:157} INFO - Started process (PID=270) to work on /opt/airflow/dags/airflow_dag.py
[2026-02-22T18:02:21.256+0000] {processor.py:829} INFO - Processing file /opt/airflow/dags/airflow_dag.py for tasks to queue
[2026-02-22T18:02:21.257+0000] {logging_mixin.py:154} INFO - [2026-02-22T18:02:21.257+0000] {dagbag.py:536} INFO - Filling up the DagBag from /opt/airflow/dags/airflow_dag.py
[2026-02-22T18:02:21.531+0000] {logging_mixin.py:154} INFO - [2026-02-22T18:02:21.525+0000] {dagbag.py:346} ERROR - Failed to import: /opt/airflow/dags/airflow_dag.py
Traceback (most recent call last):
  File "/home/airflow/.local/lib/python3.8/site-packages/airflow/models/dagbag.py", line 342, in parse
    loader.exec_module(new_module)
  File "<frozen importlib._bootstrap_external>", line 843, in exec_module
  File "<frozen importlib._bootstrap>", line 219, in _call_with_frames_removed
  File "/opt/airflow/dags/airflow_dag.py", line 9, in <module>
    import data_loader as loader
  File "/opt/airflow/dags/data_loader.py", line 35, in <module>
    class DataLoader:
  File "/opt/airflow/dags/data_loader.py", line 38, in DataLoader
    def __init__(self, db_config: dict | None = None):
TypeError: unsupported operand type(s) for |: 'type' and 'NoneType'
[2026-02-22T18:02:21.532+0000] {processor.py:841} WARNING - No viable dags retrieved from /opt/airflow/dags/airflow_dag.py
[2026-02-22T18:02:21.558+0000] {processor.py:179} INFO - Processing /opt/airflow/dags/airflow_dag.py took 0.307 seconds
[2026-02-22T18:02:51.785+0000] {processor.py:157} INFO - Started process (PID=276) to work on /opt/airflow/dags/airflow_dag.py
[2026-02-22T18:02:51.786+0000] {processor.py:829} INFO - Processing file /opt/airflow/dags/airflow_dag.py for tasks to queue
[2026-02-22T18:02:51.787+0000] {logging_mixin.py:154} INFO - [2026-02-22T18:02:51.787+0000] {dagbag.py:536} INFO - Filling up the DagBag from /opt/airflow/dags/airflow_dag.py
[2026-02-22T18:02:52.092+0000] {logging_mixin.py:154} INFO - [2026-02-22T18:02:52.086+0000] {dagbag.py:346} ERROR - Failed to import: /opt/airflow/dags/airflow_dag.py
Traceback (most recent call last):
  File "/home/airflow/.local/lib/python3.8/site-packages/airflow/models/dagbag.py", line 342, in parse
    loader.exec_module(new_module)
  File "<frozen importlib._bootstrap_external>", line 843, in exec_module
  File "<frozen importlib._bootstrap>", line 219, in _call_with_frames_removed
  File "/opt/airflow/dags/airflow_dag.py", line 9, in <module>
    import data_loader as loader
  File "/opt/airflow/dags/data_loader.py", line 35, in <module>
    class DataLoader:
  File "/opt/airflow/dags/data_loader.py", line 38, in DataLoader
    def __init__(self, db_config: dict | None = None):
TypeError: unsupported operand type(s) for |: 'type' and 'NoneType'
[2026-02-22T18:02:52.093+0000] {processor.py:841} WARNING - No viable dags retrieved from /opt/airflow/dags/airflow_dag.py
[2026-02-22T18:02:52.119+0000] {processor.py:179} INFO - Processing /opt/airflow/dags/airflow_dag.py took 0.337 seconds
[2026-02-22T18:03:22.396+0000] {processor.py:157} INFO - Started process (PID=282) to work on /opt/airflow/dags/airflow_dag.py
[2026-02-22T18:03:22.397+0000] {processor.py:829} INFO - Processing file /opt/airflow/dags/airflow_dag.py for tasks to queue
[2026-02-22T18:03:22.398+0000] {logging_mixin.py:154} INFO - [2026-02-22T18:03:22.398+0000] {dagbag.py:536} INFO - Filling up the DagBag from /opt/airflow/dags/airflow_dag.py
[2026-02-22T18:03:22.782+0000] {logging_mixin.py:154} INFO - [2026-02-22T18:03:22.778+0000] {dagbag.py:346} ERROR - Failed to import: /opt/airflow/dags/airflow_dag.py
Traceback (most recent call last):
  File "/home/airflow/.local/lib/python3.8/site-packages/airflow/models/dagbag.py", line 342, in parse
    loader.exec_module(new_module)
  File "<frozen importlib._bootstrap_external>", line 843, in exec_module
  File "<frozen importlib._bootstrap>", line 219, in _call_with_frames_removed
  File "/opt/airflow/dags/airflow_dag.py", line 9, in <module>
    import data_loader as loader
  File "/opt/airflow/dags/data_loader.py", line 35, in <module>
    class DataLoader:
  File "/opt/airflow/dags/data_loader.py", line 38, in DataLoader
    def __init__(self, db_config: dict | None = None):
TypeError: unsupported operand type(s) for |: 'type' and 'NoneType'
[2026-02-22T18:03:22.783+0000] {processor.py:841} WARNING - No viable dags retrieved from /opt/airflow/dags/airflow_dag.py
[2026-02-22T18:03:22.808+0000] {processor.py:179} INFO - Processing /opt/airflow/dags/airflow_dag.py took 0.415 seconds
[2026-02-22T18:03:53.106+0000] {processor.py:157} INFO - Started process (PID=288) to work on /opt/airflow/dags/airflow_dag.py
[2026-02-22T18:03:53.107+0000] {processor.py:829} INFO - Processing file /opt/airflow/dags/airflow_dag.py for tasks to queue
[2026-02-22T18:03:53.107+0000] {logging_mixin.py:154} INFO - [2026-02-22T18:03:53.107+0000] {dagbag.py:536} INFO - Filling up the DagBag from /opt/airflow/dags/airflow_dag.py
[2026-02-22T18:03:53.473+0000] {logging_mixin.py:154} INFO - [2026-02-22T18:03:53.469+0000] {dagbag.py:346} ERROR - Failed to import: /opt/airflow/dags/airflow_dag.py
Traceback (most recent call last):
  File "/home/airflow/.local/lib/python3.8/site-packages/airflow/models/dagbag.py", line 342, in parse
    loader.exec_module(new_module)
  File "<frozen importlib._bootstrap_external>", line 843, in exec_module
  File "<frozen importlib._bootstrap>", line 219, in _call_with_frames_removed
  File "/opt/airflow/dags/airflow_dag.py", line 9, in <module>
    import data_loader as loader
  File "/opt/airflow/dags/data_loader.py", line 35, in <module>
    class DataLoader:
  File "/opt/airflow/dags/data_loader.py", line 38, in DataLoader
    def __init__(self, db_config: dict | None = None):
TypeError: unsupported operand type(s) for |: 'type' and 'NoneType'
[2026-02-22T18:03:53.474+0000] {processor.py:841} WARNING - No viable dags retrieved from /opt/airflow/dags/airflow_dag.py
[2026-02-22T18:03:53.494+0000] {processor.py:179} INFO - Processing /opt/airflow/dags/airflow_dag.py took 0.392 seconds
[2026-02-22T18:04:23.771+0000] {processor.py:157} INFO - Started process (PID=294) to work on /opt/airflow/dags/airflow_dag.py
[2026-02-22T18:04:23.772+0000] {processor.py:829} INFO - Processing file /opt/airflow/dags/airflow_dag.py for tasks to queue
[2026-02-22T18:04:23.772+0000] {logging_mixin.py:154} INFO - [2026-02-22T18:04:23.772+0000] {dagbag.py:536} INFO - Filling up the DagBag from /opt/airflow/dags/airflow_dag.py
[2026-02-22T18:04:24.137+0000] {logging_mixin.py:154} INFO - [2026-02-22T18:04:24.133+0000] {dagbag.py:346} ERROR - Failed to import: /opt/airflow/dags/airflow_dag.py
Traceback (most recent call last):
  File "/home/airflow/.local/lib/python3.8/site-packages/airflow/models/dagbag.py", line 342, in parse
    loader.exec_module(new_module)
  File "<frozen importlib._bootstrap_external>", line 843, in exec_module
  File "<frozen importlib._bootstrap>", line 219, in _call_with_frames_removed
  File "/opt/airflow/dags/airflow_dag.py", line 9, in <module>
    import data_loader as loader
  File "/opt/airflow/dags/data_loader.py", line 35, in <module>
    class DataLoader:
  File "/opt/airflow/dags/data_loader.py", line 38, in DataLoader
    def __init__(self, db_config: dict | None = None):
TypeError: unsupported operand type(s) for |: 'type' and 'NoneType'
[2026-02-22T18:04:24.138+0000] {processor.py:841} WARNING - No viable dags retrieved from /opt/airflow/dags/airflow_dag.py
[2026-02-22T18:04:24.158+0000] {processor.py:179} INFO - Processing /opt/airflow/dags/airflow_dag.py took 0.390 seconds
[2026-02-22T18:04:54.462+0000] {processor.py:157} INFO - Started process (PID=300) to work on /opt/airflow/dags/airflow_dag.py
[2026-02-22T18:04:54.463+0000] {processor.py:829} INFO - Processing file /opt/airflow/dags/airflow_dag.py for tasks to queue
[2026-02-22T18:04:54.464+0000] {logging_mixin.py:154} INFO - [2026-02-22T18:04:54.464+0000] {dagbag.py:536} INFO - Filling up the DagBag from /opt/airflow/dags/airflow_dag.py
[2026-02-22T18:04:54.742+0000] {logging_mixin.py:154} INFO - [2026-02-22T18:04:54.736+0000] {dagbag.py:346} ERROR - Failed to import: /opt/airflow/dags/airflow_dag.py
Traceback (most recent call last):
  File "/home/airflow/.local/lib/python3.8/site-packages/airflow/models/dagbag.py", line 342, in parse
    loader.exec_module(new_module)
  File "<frozen importlib._bootstrap_external>", line 843, in exec_module
  File "<frozen importlib._bootstrap>", line 219, in _call_with_frames_removed
  File "/opt/airflow/dags/airflow_dag.py", line 9, in <module>
    import data_loader as loader
  File "/opt/airflow/dags/data_loader.py", line 35, in <module>
    class DataLoader:
  File "/opt/airflow/dags/data_loader.py", line 38, in DataLoader
    def __init__(self, db_config: dict | None = None):
TypeError: unsupported operand type(s) for |: 'type' and 'NoneType'
[2026-02-22T18:04:54.743+0000] {processor.py:841} WARNING - No viable dags retrieved from /opt/airflow/dags/airflow_dag.py
[2026-02-22T18:04:54.766+0000] {processor.py:179} INFO - Processing /opt/airflow/dags/airflow_dag.py took 0.307 seconds
[2026-02-22T18:05:25.026+0000] {processor.py:157} INFO - Started process (PID=306) to work on /opt/airflow/dags/airflow_dag.py
[2026-02-22T18:05:25.027+0000] {processor.py:829} INFO - Processing file /opt/airflow/dags/airflow_dag.py for tasks to queue
[2026-02-22T18:05:25.029+0000] {logging_mixin.py:154} INFO - [2026-02-22T18:05:25.028+0000] {dagbag.py:536} INFO - Filling up the DagBag from /opt/airflow/dags/airflow_dag.py
[2026-02-22T18:05:25.330+0000] {logging_mixin.py:154} INFO - [2026-02-22T18:05:25.324+0000] {dagbag.py:346} ERROR - Failed to import: /opt/airflow/dags/airflow_dag.py
Traceback (most recent call last):
  File "/home/airflow/.local/lib/python3.8/site-packages/airflow/models/dagbag.py", line 342, in parse
    loader.exec_module(new_module)
  File "<frozen importlib._bootstrap_external>", line 843, in exec_module
  File "<frozen importlib._bootstrap>", line 219, in _call_with_frames_removed
  File "/opt/airflow/dags/airflow_dag.py", line 9, in <module>
    import data_loader as loader
  File "/opt/airflow/dags/data_loader.py", line 35, in <module>
    class DataLoader:
  File "/opt/airflow/dags/data_loader.py", line 38, in DataLoader
    def __init__(self, db_config: dict | None = None):
TypeError: unsupported operand type(s) for |: 'type' and 'NoneType'
[2026-02-22T18:05:25.330+0000] {processor.py:841} WARNING - No viable dags retrieved from /opt/airflow/dags/airflow_dag.py
[2026-02-22T18:05:25.354+0000] {processor.py:179} INFO - Processing /opt/airflow/dags/airflow_dag.py took 0.331 seconds
[2026-02-22T18:05:55.608+0000] {processor.py:157} INFO - Started process (PID=312) to work on /opt/airflow/dags/airflow_dag.py
[2026-02-22T18:05:55.609+0000] {processor.py:829} INFO - Processing file /opt/airflow/dags/airflow_dag.py for tasks to queue
[2026-02-22T18:05:55.610+0000] {logging_mixin.py:154} INFO - [2026-02-22T18:05:55.610+0000] {dagbag.py:536} INFO - Filling up the DagBag from /opt/airflow/dags/airflow_dag.py
[2026-02-22T18:05:55.890+0000] {logging_mixin.py:154} INFO - [2026-02-22T18:05:55.885+0000] {dagbag.py:346} ERROR - Failed to import: /opt/airflow/dags/airflow_dag.py
Traceback (most recent call last):
  File "/home/airflow/.local/lib/python3.8/site-packages/airflow/models/dagbag.py", line 342, in parse
    loader.exec_module(new_module)
  File "<frozen importlib._bootstrap_external>", line 843, in exec_module
  File "<frozen importlib._bootstrap>", line 219, in _call_with_frames_removed
  File "/opt/airflow/dags/airflow_dag.py", line 9, in <module>
    import data_loader as loader
  File "/opt/airflow/dags/data_loader.py", line 35, in <module>
    class DataLoader:
  File "/opt/airflow/dags/data_loader.py", line 38, in DataLoader
    def __init__(self, db_config: dict | None = None):
TypeError: unsupported operand type(s) for |: 'type' and 'NoneType'
[2026-02-22T18:05:55.891+0000] {processor.py:841} WARNING - No viable dags retrieved from /opt/airflow/dags/airflow_dag.py
[2026-02-22T18:05:56.032+0000] {processor.py:179} INFO - Processing /opt/airflow/dags/airflow_dag.py took 0.427 seconds
[2026-02-22T18:06:26.339+0000] {processor.py:157} INFO - Started process (PID=318) to work on /opt/airflow/dags/airflow_dag.py
[2026-02-22T18:06:26.340+0000] {processor.py:829} INFO - Processing file /opt/airflow/dags/airflow_dag.py for tasks to queue
[2026-02-22T18:06:26.341+0000] {logging_mixin.py:154} INFO - [2026-02-22T18:06:26.341+0000] {dagbag.py:536} INFO - Filling up the DagBag from /opt/airflow/dags/airflow_dag.py
[2026-02-22T18:06:26.721+0000] {logging_mixin.py:154} INFO - [2026-02-22T18:06:26.717+0000] {dagbag.py:346} ERROR - Failed to import: /opt/airflow/dags/airflow_dag.py
Traceback (most recent call last):
  File "/home/airflow/.local/lib/python3.8/site-packages/airflow/models/dagbag.py", line 342, in parse
    loader.exec_module(new_module)
  File "<frozen importlib._bootstrap_external>", line 843, in exec_module
  File "<frozen importlib._bootstrap>", line 219, in _call_with_frames_removed
  File "/opt/airflow/dags/airflow_dag.py", line 9, in <module>
    import data_loader as loader
  File "/opt/airflow/dags/data_loader.py", line 35, in <module>
    class DataLoader:
  File "/opt/airflow/dags/data_loader.py", line 38, in DataLoader
    def __init__(self, db_config: dict | None = None):
TypeError: unsupported operand type(s) for |: 'type' and 'NoneType'
[2026-02-22T18:06:26.722+0000] {processor.py:841} WARNING - No viable dags retrieved from /opt/airflow/dags/airflow_dag.py
[2026-02-22T18:06:26.744+0000] {processor.py:179} INFO - Processing /opt/airflow/dags/airflow_dag.py took 0.408 seconds
[2026-02-22T18:06:57.027+0000] {processor.py:157} INFO - Started process (PID=324) to work on /opt/airflow/dags/airflow_dag.py
[2026-02-22T18:06:57.028+0000] {processor.py:829} INFO - Processing file /opt/airflow/dags/airflow_dag.py for tasks to queue
[2026-02-22T18:06:57.029+0000] {logging_mixin.py:154} INFO - [2026-02-22T18:06:57.029+0000] {dagbag.py:536} INFO - Filling up the DagBag from /opt/airflow/dags/airflow_dag.py
[2026-02-22T18:06:57.402+0000] {logging_mixin.py:154} INFO - [2026-02-22T18:06:57.398+0000] {dagbag.py:346} ERROR - Failed to import: /opt/airflow/dags/airflow_dag.py
Traceback (most recent call last):
  File "/home/airflow/.local/lib/python3.8/site-packages/airflow/models/dagbag.py", line 342, in parse
    loader.exec_module(new_module)
  File "<frozen importlib._bootstrap_external>", line 843, in exec_module
  File "<frozen importlib._bootstrap>", line 219, in _call_with_frames_removed
  File "/opt/airflow/dags/airflow_dag.py", line 9, in <module>
    import data_loader as loader
  File "/opt/airflow/dags/data_loader.py", line 35, in <module>
    class DataLoader:
  File "/opt/airflow/dags/data_loader.py", line 38, in DataLoader
    def __init__(self, db_config: dict | None = None):
TypeError: unsupported operand type(s) for |: 'type' and 'NoneType'
[2026-02-22T18:06:57.403+0000] {processor.py:841} WARNING - No viable dags retrieved from /opt/airflow/dags/airflow_dag.py
[2026-02-22T18:06:57.423+0000] {processor.py:179} INFO - Processing /opt/airflow/dags/airflow_dag.py took 0.399 seconds
[2026-02-22T18:07:27.692+0000] {processor.py:157} INFO - Started process (PID=330) to work on /opt/airflow/dags/airflow_dag.py
[2026-02-22T18:07:27.693+0000] {processor.py:829} INFO - Processing file /opt/airflow/dags/airflow_dag.py for tasks to queue
[2026-02-22T18:07:27.694+0000] {logging_mixin.py:154} INFO - [2026-02-22T18:07:27.694+0000] {dagbag.py:536} INFO - Filling up the DagBag from /opt/airflow/dags/airflow_dag.py
[2026-02-22T18:07:28.060+0000] {logging_mixin.py:154} INFO - [2026-02-22T18:07:28.056+0000] {dagbag.py:346} ERROR - Failed to import: /opt/airflow/dags/airflow_dag.py
Traceback (most recent call last):
  File "/home/airflow/.local/lib/python3.8/site-packages/airflow/models/dagbag.py", line 342, in parse
    loader.exec_module(new_module)
  File "<frozen importlib._bootstrap_external>", line 843, in exec_module
  File "<frozen importlib._bootstrap>", line 219, in _call_with_frames_removed
  File "/opt/airflow/dags/airflow_dag.py", line 9, in <module>
    import data_loader as loader
  File "/opt/airflow/dags/data_loader.py", line 35, in <module>
    class DataLoader:
  File "/opt/airflow/dags/data_loader.py", line 38, in DataLoader
    def __init__(self, db_config: dict | None = None):
TypeError: unsupported operand type(s) for |: 'type' and 'NoneType'
[2026-02-22T18:07:28.061+0000] {processor.py:841} WARNING - No viable dags retrieved from /opt/airflow/dags/airflow_dag.py
[2026-02-22T18:07:28.081+0000] {processor.py:179} INFO - Processing /opt/airflow/dags/airflow_dag.py took 0.393 seconds
[2026-02-22T18:07:58.349+0000] {processor.py:157} INFO - Started process (PID=336) to work on /opt/airflow/dags/airflow_dag.py
[2026-02-22T18:07:58.350+0000] {processor.py:829} INFO - Processing file /opt/airflow/dags/airflow_dag.py for tasks to queue
[2026-02-22T18:07:58.351+0000] {logging_mixin.py:154} INFO - [2026-02-22T18:07:58.351+0000] {dagbag.py:536} INFO - Filling up the DagBag from /opt/airflow/dags/airflow_dag.py
[2026-02-22T18:07:58.728+0000] {logging_mixin.py:154} INFO - [2026-02-22T18:07:58.724+0000] {dagbag.py:346} ERROR - Failed to import: /opt/airflow/dags/airflow_dag.py
Traceback (most recent call last):
  File "/home/airflow/.local/lib/python3.8/site-packages/airflow/models/dagbag.py", line 342, in parse
    loader.exec_module(new_module)
  File "<frozen importlib._bootstrap_external>", line 843, in exec_module
  File "<frozen importlib._bootstrap>", line 219, in _call_with_frames_removed
  File "/opt/airflow/dags/airflow_dag.py", line 9, in <module>
    import data_loader as loader
  File "/opt/airflow/dags/data_loader.py", line 35, in <module>
    class DataLoader:
  File "/opt/airflow/dags/data_loader.py", line 38, in DataLoader
    def __init__(self, db_config: dict | None = None):
TypeError: unsupported operand type(s) for |: 'type' and 'NoneType'
[2026-02-22T18:07:58.729+0000] {processor.py:841} WARNING - No viable dags retrieved from /opt/airflow/dags/airflow_dag.py
[2026-02-22T18:07:58.753+0000] {processor.py:179} INFO - Processing /opt/airflow/dags/airflow_dag.py took 0.407 seconds
[2026-02-22T18:08:28.973+0000] {processor.py:157} INFO - Started process (PID=342) to work on /opt/airflow/dags/airflow_dag.py
[2026-02-22T18:08:28.974+0000] {processor.py:829} INFO - Processing file /opt/airflow/dags/airflow_dag.py for tasks to queue
[2026-02-22T18:08:28.975+0000] {logging_mixin.py:154} INFO - [2026-02-22T18:08:28.975+0000] {dagbag.py:536} INFO - Filling up the DagBag from /opt/airflow/dags/airflow_dag.py
[2026-02-22T18:08:29.246+0000] {logging_mixin.py:154} INFO - [2026-02-22T18:08:29.240+0000] {dagbag.py:346} ERROR - Failed to import: /opt/airflow/dags/airflow_dag.py
Traceback (most recent call last):
  File "/home/airflow/.local/lib/python3.8/site-packages/airflow/models/dagbag.py", line 342, in parse
    loader.exec_module(new_module)
  File "<frozen importlib._bootstrap_external>", line 843, in exec_module
  File "<frozen importlib._bootstrap>", line 219, in _call_with_frames_removed
  File "/opt/airflow/dags/airflow_dag.py", line 9, in <module>
    import data_loader as loader
  File "/opt/airflow/dags/data_loader.py", line 35, in <module>
    class DataLoader:
  File "/opt/airflow/dags/data_loader.py", line 38, in DataLoader
    def __init__(self, db_config: dict | None = None):
TypeError: unsupported operand type(s) for |: 'type' and 'NoneType'
[2026-02-22T18:08:29.247+0000] {processor.py:841} WARNING - No viable dags retrieved from /opt/airflow/dags/airflow_dag.py
[2026-02-22T18:08:29.274+0000] {processor.py:179} INFO - Processing /opt/airflow/dags/airflow_dag.py took 0.304 seconds
[2026-02-22T18:08:59.502+0000] {processor.py:157} INFO - Started process (PID=348) to work on /opt/airflow/dags/airflow_dag.py
[2026-02-22T18:08:59.503+0000] {processor.py:829} INFO - Processing file /opt/airflow/dags/airflow_dag.py for tasks to queue
[2026-02-22T18:08:59.504+0000] {logging_mixin.py:154} INFO - [2026-02-22T18:08:59.504+0000] {dagbag.py:536} INFO - Filling up the DagBag from /opt/airflow/dags/airflow_dag.py
[2026-02-22T18:08:59.891+0000] {logging_mixin.py:154} INFO - [2026-02-22T18:08:59.887+0000] {dagbag.py:346} ERROR - Failed to import: /opt/airflow/dags/airflow_dag.py
Traceback (most recent call last):
  File "/home/airflow/.local/lib/python3.8/site-packages/airflow/models/dagbag.py", line 342, in parse
    loader.exec_module(new_module)
  File "<frozen importlib._bootstrap_external>", line 843, in exec_module
  File "<frozen importlib._bootstrap>", line 219, in _call_with_frames_removed
  File "/opt/airflow/dags/airflow_dag.py", line 9, in <module>
    import data_loader as loader
  File "/opt/airflow/dags/data_loader.py", line 35, in <module>
    class DataLoader:
  File "/opt/airflow/dags/data_loader.py", line 38, in DataLoader
    def __init__(self, db_config: dict | None = None):
TypeError: unsupported operand type(s) for |: 'type' and 'NoneType'
[2026-02-22T18:08:59.892+0000] {processor.py:841} WARNING - No viable dags retrieved from /opt/airflow/dags/airflow_dag.py
[2026-02-22T18:08:59.917+0000] {processor.py:179} INFO - Processing /opt/airflow/dags/airflow_dag.py took 0.418 seconds
[2026-02-22T18:09:30.167+0000] {processor.py:157} INFO - Started process (PID=354) to work on /opt/airflow/dags/airflow_dag.py
[2026-02-22T18:09:30.168+0000] {processor.py:829} INFO - Processing file /opt/airflow/dags/airflow_dag.py for tasks to queue
[2026-02-22T18:09:30.169+0000] {logging_mixin.py:154} INFO - [2026-02-22T18:09:30.168+0000] {dagbag.py:536} INFO - Filling up the DagBag from /opt/airflow/dags/airflow_dag.py
[2026-02-22T18:09:30.572+0000] {logging_mixin.py:154} INFO - [2026-02-22T18:09:30.568+0000] {dagbag.py:346} ERROR - Failed to import: /opt/airflow/dags/airflow_dag.py
Traceback (most recent call last):
  File "/home/airflow/.local/lib/python3.8/site-packages/airflow/models/dagbag.py", line 342, in parse
    loader.exec_module(new_module)
  File "<frozen importlib._bootstrap_external>", line 843, in exec_module
  File "<frozen importlib._bootstrap>", line 219, in _call_with_frames_removed
  File "/opt/airflow/dags/airflow_dag.py", line 9, in <module>
    import data_loader as loader
  File "/opt/airflow/dags/data_loader.py", line 35, in <module>
    class DataLoader:
  File "/opt/airflow/dags/data_loader.py", line 38, in DataLoader
    def __init__(self, db_config: dict | None = None):
TypeError: unsupported operand type(s) for |: 'type' and 'NoneType'
[2026-02-22T18:09:30.573+0000] {processor.py:841} WARNING - No viable dags retrieved from /opt/airflow/dags/airflow_dag.py
[2026-02-22T18:09:30.599+0000] {processor.py:179} INFO - Processing /opt/airflow/dags/airflow_dag.py took 0.435 seconds
[2026-02-22T18:10:00.833+0000] {processor.py:157} INFO - Started process (PID=360) to work on /opt/airflow/dags/airflow_dag.py
[2026-02-22T18:10:00.834+0000] {processor.py:829} INFO - Processing file /opt/airflow/dags/airflow_dag.py for tasks to queue
[2026-02-22T18:10:00.835+0000] {logging_mixin.py:154} INFO - [2026-02-22T18:10:00.835+0000] {dagbag.py:536} INFO - Filling up the DagBag from /opt/airflow/dags/airflow_dag.py
[2026-02-22T18:10:01.229+0000] {logging_mixin.py:154} INFO - [2026-02-22T18:10:01.224+0000] {dagbag.py:346} ERROR - Failed to import: /opt/airflow/dags/airflow_dag.py
Traceback (most recent call last):
  File "/home/airflow/.local/lib/python3.8/site-packages/airflow/models/dagbag.py", line 342, in parse
    loader.exec_module(new_module)
  File "<frozen importlib._bootstrap_external>", line 843, in exec_module
  File "<frozen importlib._bootstrap>", line 219, in _call_with_frames_removed
  File "/opt/airflow/dags/airflow_dag.py", line 9, in <module>
    import data_loader as loader
  File "/opt/airflow/dags/data_loader.py", line 35, in <module>
    class DataLoader:
  File "/opt/airflow/dags/data_loader.py", line 38, in DataLoader
    def __init__(self, db_config: dict | None = None):
TypeError: unsupported operand type(s) for |: 'type' and 'NoneType'
[2026-02-22T18:10:01.230+0000] {processor.py:841} WARNING - No viable dags retrieved from /opt/airflow/dags/airflow_dag.py
[2026-02-22T18:10:01.250+0000] {processor.py:179} INFO - Processing /opt/airflow/dags/airflow_dag.py took 0.420 seconds
[2026-02-22T18:10:31.476+0000] {processor.py:157} INFO - Started process (PID=366) to work on /opt/airflow/dags/airflow_dag.py
[2026-02-22T18:10:31.477+0000] {processor.py:829} INFO - Processing file /opt/airflow/dags/airflow_dag.py for tasks to queue
[2026-02-22T18:10:31.478+0000] {logging_mixin.py:154} INFO - [2026-02-22T18:10:31.478+0000] {dagbag.py:536} INFO - Filling up the DagBag from /opt/airflow/dags/airflow_dag.py
[2026-02-22T18:10:31.883+0000] {logging_mixin.py:154} INFO - [2026-02-22T18:10:31.877+0000] {dagbag.py:346} ERROR - Failed to import: /opt/airflow/dags/airflow_dag.py
Traceback (most recent call last):
  File "/home/airflow/.local/lib/python3.8/site-packages/airflow/models/dagbag.py", line 342, in parse
    loader.exec_module(new_module)
  File "<frozen importlib._bootstrap_external>", line 843, in exec_module
  File "<frozen importlib._bootstrap>", line 219, in _call_with_frames_removed
  File "/opt/airflow/dags/airflow_dag.py", line 9, in <module>
    import data_loader as loader
  File "/opt/airflow/dags/data_loader.py", line 35, in <module>
    class DataLoader:
  File "/opt/airflow/dags/data_loader.py", line 38, in DataLoader
    def __init__(self, db_config: dict | None = None):
TypeError: unsupported operand type(s) for |: 'type' and 'NoneType'
[2026-02-22T18:10:31.884+0000] {processor.py:841} WARNING - No viable dags retrieved from /opt/airflow/dags/airflow_dag.py
[2026-02-22T18:10:31.904+0000] {processor.py:179} INFO - Processing /opt/airflow/dags/airflow_dag.py took 0.431 seconds
[2026-02-22T18:11:02.140+0000] {processor.py:157} INFO - Started process (PID=372) to work on /opt/airflow/dags/airflow_dag.py
[2026-02-22T18:11:02.141+0000] {processor.py:829} INFO - Processing file /opt/airflow/dags/airflow_dag.py for tasks to queue
[2026-02-22T18:11:02.142+0000] {logging_mixin.py:154} INFO - [2026-02-22T18:11:02.142+0000] {dagbag.py:536} INFO - Filling up the DagBag from /opt/airflow/dags/airflow_dag.py
[2026-02-22T18:11:02.551+0000] {logging_mixin.py:154} INFO - [2026-02-22T18:11:02.544+0000] {dagbag.py:346} ERROR - Failed to import: /opt/airflow/dags/airflow_dag.py
Traceback (most recent call last):
  File "/home/airflow/.local/lib/python3.8/site-packages/airflow/models/dagbag.py", line 342, in parse
    loader.exec_module(new_module)
  File "<frozen importlib._bootstrap_external>", line 843, in exec_module
  File "<frozen importlib._bootstrap>", line 219, in _call_with_frames_removed
  File "/opt/airflow/dags/airflow_dag.py", line 9, in <module>
    import data_loader as loader
  File "/opt/airflow/dags/data_loader.py", line 35, in <module>
    class DataLoader:
  File "/opt/airflow/dags/data_loader.py", line 38, in DataLoader
    def __init__(self, db_config: dict | None = None):
TypeError: unsupported operand type(s) for |: 'type' and 'NoneType'
[2026-02-22T18:11:02.552+0000] {processor.py:841} WARNING - No viable dags retrieved from /opt/airflow/dags/airflow_dag.py
[2026-02-22T18:11:02.587+0000] {processor.py:179} INFO - Processing /opt/airflow/dags/airflow_dag.py took 0.450 seconds
[2026-02-22T18:11:32.858+0000] {processor.py:157} INFO - Started process (PID=378) to work on /opt/airflow/dags/airflow_dag.py
[2026-02-22T18:11:32.859+0000] {processor.py:829} INFO - Processing file /opt/airflow/dags/airflow_dag.py for tasks to queue
[2026-02-22T18:11:32.860+0000] {logging_mixin.py:154} INFO - [2026-02-22T18:11:32.860+0000] {dagbag.py:536} INFO - Filling up the DagBag from /opt/airflow/dags/airflow_dag.py
[2026-02-22T18:11:33.139+0000] {logging_mixin.py:154} INFO - [2026-02-22T18:11:33.133+0000] {dagbag.py:346} ERROR - Failed to import: /opt/airflow/dags/airflow_dag.py
Traceback (most recent call last):
  File "/home/airflow/.local/lib/python3.8/site-packages/airflow/models/dagbag.py", line 342, in parse
    loader.exec_module(new_module)
  File "<frozen importlib._bootstrap_external>", line 843, in exec_module
  File "<frozen importlib._bootstrap>", line 219, in _call_with_frames_removed
  File "/opt/airflow/dags/airflow_dag.py", line 9, in <module>
    import data_loader as loader
  File "/opt/airflow/dags/data_loader.py", line 35, in <module>
    class DataLoader:
  File "/opt/airflow/dags/data_loader.py", line 38, in DataLoader
    def __init__(self, db_config: dict | None = None):
TypeError: unsupported operand type(s) for |: 'type' and 'NoneType'
[2026-02-22T18:11:33.140+0000] {processor.py:841} WARNING - No viable dags retrieved from /opt/airflow/dags/airflow_dag.py
[2026-02-22T18:11:33.169+0000] {processor.py:179} INFO - Processing /opt/airflow/dags/airflow_dag.py took 0.315 seconds
[2026-02-22T18:12:03.432+0000] {processor.py:157} INFO - Started process (PID=384) to work on /opt/airflow/dags/airflow_dag.py
[2026-02-22T18:12:03.433+0000] {processor.py:829} INFO - Processing file /opt/airflow/dags/airflow_dag.py for tasks to queue
[2026-02-22T18:12:03.434+0000] {logging_mixin.py:154} INFO - [2026-02-22T18:12:03.433+0000] {dagbag.py:536} INFO - Filling up the DagBag from /opt/airflow/dags/airflow_dag.py
[2026-02-22T18:12:03.802+0000] {logging_mixin.py:154} INFO - [2026-02-22T18:12:03.798+0000] {dagbag.py:346} ERROR - Failed to import: /opt/airflow/dags/airflow_dag.py
Traceback (most recent call last):
  File "/home/airflow/.local/lib/python3.8/site-packages/airflow/models/dagbag.py", line 342, in parse
    loader.exec_module(new_module)
  File "<frozen importlib._bootstrap_external>", line 843, in exec_module
  File "<frozen importlib._bootstrap>", line 219, in _call_with_frames_removed
  File "/opt/airflow/dags/airflow_dag.py", line 9, in <module>
    import data_loader as loader
  File "/opt/airflow/dags/data_loader.py", line 35, in <module>
    class DataLoader:
  File "/opt/airflow/dags/data_loader.py", line 38, in DataLoader
    def __init__(self, db_config: dict | None = None):
TypeError: unsupported operand type(s) for |: 'type' and 'NoneType'
[2026-02-22T18:12:03.803+0000] {processor.py:841} WARNING - No viable dags retrieved from /opt/airflow/dags/airflow_dag.py
[2026-02-22T18:12:03.823+0000] {processor.py:179} INFO - Processing /opt/airflow/dags/airflow_dag.py took 0.394 seconds
[2026-02-22T18:12:34.077+0000] {processor.py:157} INFO - Started process (PID=390) to work on /opt/airflow/dags/airflow_dag.py
[2026-02-22T18:12:34.078+0000] {processor.py:829} INFO - Processing file /opt/airflow/dags/airflow_dag.py for tasks to queue
[2026-02-22T18:12:34.079+0000] {logging_mixin.py:154} INFO - [2026-02-22T18:12:34.079+0000] {dagbag.py:536} INFO - Filling up the DagBag from /opt/airflow/dags/airflow_dag.py
[2026-02-22T18:12:34.461+0000] {logging_mixin.py:154} INFO - [2026-02-22T18:12:34.456+0000] {dagbag.py:346} ERROR - Failed to import: /opt/airflow/dags/airflow_dag.py
Traceback (most recent call last):
  File "/home/airflow/.local/lib/python3.8/site-packages/airflow/models/dagbag.py", line 342, in parse
    loader.exec_module(new_module)
  File "<frozen importlib._bootstrap_external>", line 843, in exec_module
  File "<frozen importlib._bootstrap>", line 219, in _call_with_frames_removed
  File "/opt/airflow/dags/airflow_dag.py", line 9, in <module>
    import data_loader as loader
  File "/opt/airflow/dags/data_loader.py", line 35, in <module>
    class DataLoader:
  File "/opt/airflow/dags/data_loader.py", line 38, in DataLoader
    def __init__(self, db_config: dict | None = None):
TypeError: unsupported operand type(s) for |: 'type' and 'NoneType'
[2026-02-22T18:12:34.462+0000] {processor.py:841} WARNING - No viable dags retrieved from /opt/airflow/dags/airflow_dag.py
[2026-02-22T18:12:34.481+0000] {processor.py:179} INFO - Processing /opt/airflow/dags/airflow_dag.py took 0.407 seconds
[2026-02-22T18:13:04.820+0000] {processor.py:157} INFO - Started process (PID=396) to work on /opt/airflow/dags/airflow_dag.py
[2026-02-22T18:13:04.821+0000] {processor.py:829} INFO - Processing file /opt/airflow/dags/airflow_dag.py for tasks to queue
[2026-02-22T18:13:04.822+0000] {logging_mixin.py:154} INFO - [2026-02-22T18:13:04.822+0000] {dagbag.py:536} INFO - Filling up the DagBag from /opt/airflow/dags/airflow_dag.py
[2026-02-22T18:13:05.190+0000] {logging_mixin.py:154} INFO - [2026-02-22T18:13:05.185+0000] {dagbag.py:346} ERROR - Failed to import: /opt/airflow/dags/airflow_dag.py
Traceback (most recent call last):
  File "/home/airflow/.local/lib/python3.8/site-packages/airflow/models/dagbag.py", line 342, in parse
    loader.exec_module(new_module)
  File "<frozen importlib._bootstrap_external>", line 843, in exec_module
  File "<frozen importlib._bootstrap>", line 219, in _call_with_frames_removed
  File "/opt/airflow/dags/airflow_dag.py", line 9, in <module>
    import data_loader as loader
  File "/opt/airflow/dags/data_loader.py", line 35, in <module>
    class DataLoader:
  File "/opt/airflow/dags/data_loader.py", line 38, in DataLoader
    def __init__(self, db_config: dict | None = None):
TypeError: unsupported operand type(s) for |: 'type' and 'NoneType'
[2026-02-22T18:13:05.190+0000] {processor.py:841} WARNING - No viable dags retrieved from /opt/airflow/dags/airflow_dag.py
[2026-02-22T18:13:05.214+0000] {processor.py:179} INFO - Processing /opt/airflow/dags/airflow_dag.py took 0.397 seconds
[2026-02-22T18:13:35.514+0000] {processor.py:157} INFO - Started process (PID=402) to work on /opt/airflow/dags/airflow_dag.py
[2026-02-22T18:13:35.515+0000] {processor.py:829} INFO - Processing file /opt/airflow/dags/airflow_dag.py for tasks to queue
[2026-02-22T18:13:35.517+0000] {logging_mixin.py:154} INFO - [2026-02-22T18:13:35.516+0000] {dagbag.py:536} INFO - Filling up the DagBag from /opt/airflow/dags/airflow_dag.py
[2026-02-22T18:13:35.913+0000] {logging_mixin.py:154} INFO - [2026-02-22T18:13:35.905+0000] {dagbag.py:346} ERROR - Failed to import: /opt/airflow/dags/airflow_dag.py
Traceback (most recent call last):
  File "/home/airflow/.local/lib/python3.8/site-packages/airflow/models/dagbag.py", line 342, in parse
    loader.exec_module(new_module)
  File "<frozen importlib._bootstrap_external>", line 843, in exec_module
  File "<frozen importlib._bootstrap>", line 219, in _call_with_frames_removed
  File "/opt/airflow/dags/airflow_dag.py", line 9, in <module>
    import data_loader as loader
  File "/opt/airflow/dags/data_loader.py", line 35, in <module>
    class DataLoader:
  File "/opt/airflow/dags/data_loader.py", line 38, in DataLoader
    def __init__(self, db_config: dict | None = None):
TypeError: unsupported operand type(s) for |: 'type' and 'NoneType'
[2026-02-22T18:13:35.914+0000] {processor.py:841} WARNING - No viable dags retrieved from /opt/airflow/dags/airflow_dag.py
[2026-02-22T18:13:35.940+0000] {processor.py:179} INFO - Processing /opt/airflow/dags/airflow_dag.py took 0.430 seconds
[2026-02-22T18:14:06.221+0000] {processor.py:157} INFO - Started process (PID=408) to work on /opt/airflow/dags/airflow_dag.py
[2026-02-22T18:14:06.222+0000] {processor.py:829} INFO - Processing file /opt/airflow/dags/airflow_dag.py for tasks to queue
[2026-02-22T18:14:06.223+0000] {logging_mixin.py:154} INFO - [2026-02-22T18:14:06.223+0000] {dagbag.py:536} INFO - Filling up the DagBag from /opt/airflow/dags/airflow_dag.py
[2026-02-22T18:14:06.493+0000] {logging_mixin.py:154} INFO - [2026-02-22T18:14:06.487+0000] {dagbag.py:346} ERROR - Failed to import: /opt/airflow/dags/airflow_dag.py
Traceback (most recent call last):
  File "/home/airflow/.local/lib/python3.8/site-packages/airflow/models/dagbag.py", line 342, in parse
    loader.exec_module(new_module)
  File "<frozen importlib._bootstrap_external>", line 843, in exec_module
  File "<frozen importlib._bootstrap>", line 219, in _call_with_frames_removed
  File "/opt/airflow/dags/airflow_dag.py", line 9, in <module>
    import data_loader as loader
  File "/opt/airflow/dags/data_loader.py", line 35, in <module>
    class DataLoader:
  File "/opt/airflow/dags/data_loader.py", line 38, in DataLoader
    def __init__(self, db_config: dict | None = None):
TypeError: unsupported operand type(s) for |: 'type' and 'NoneType'
[2026-02-22T18:14:06.494+0000] {processor.py:841} WARNING - No viable dags retrieved from /opt/airflow/dags/airflow_dag.py
[2026-02-22T18:14:06.522+0000] {processor.py:179} INFO - Processing /opt/airflow/dags/airflow_dag.py took 0.304 seconds
[2026-02-22T18:14:36.812+0000] {processor.py:157} INFO - Started process (PID=414) to work on /opt/airflow/dags/airflow_dag.py
[2026-02-22T18:14:36.813+0000] {processor.py:829} INFO - Processing file /opt/airflow/dags/airflow_dag.py for tasks to queue
[2026-02-22T18:14:36.814+0000] {logging_mixin.py:154} INFO - [2026-02-22T18:14:36.814+0000] {dagbag.py:536} INFO - Filling up the DagBag from /opt/airflow/dags/airflow_dag.py
[2026-02-22T18:14:37.077+0000] {logging_mixin.py:154} INFO - [2026-02-22T18:14:37.071+0000] {dagbag.py:346} ERROR - Failed to import: /opt/airflow/dags/airflow_dag.py
Traceback (most recent call last):
  File "/home/airflow/.local/lib/python3.8/site-packages/airflow/models/dagbag.py", line 342, in parse
    loader.exec_module(new_module)
  File "<frozen importlib._bootstrap_external>", line 843, in exec_module
  File "<frozen importlib._bootstrap>", line 219, in _call_with_frames_removed
  File "/opt/airflow/dags/airflow_dag.py", line 9, in <module>
    import data_loader as loader
  File "/opt/airflow/dags/data_loader.py", line 35, in <module>
    class DataLoader:
  File "/opt/airflow/dags/data_loader.py", line 38, in DataLoader
    def __init__(self, db_config: dict | None = None):
TypeError: unsupported operand type(s) for |: 'type' and 'NoneType'
[2026-02-22T18:14:37.078+0000] {processor.py:841} WARNING - No viable dags retrieved from /opt/airflow/dags/airflow_dag.py
[2026-02-22T18:14:37.214+0000] {processor.py:179} INFO - Processing /opt/airflow/dags/airflow_dag.py took 0.405 seconds
[2026-02-22T18:15:07.496+0000] {processor.py:157} INFO - Started process (PID=420) to work on /opt/airflow/dags/airflow_dag.py
[2026-02-22T18:15:07.497+0000] {processor.py:829} INFO - Processing file /opt/airflow/dags/airflow_dag.py for tasks to queue
[2026-02-22T18:15:07.498+0000] {logging_mixin.py:154} INFO - [2026-02-22T18:15:07.498+0000] {dagbag.py:536} INFO - Filling up the DagBag from /opt/airflow/dags/airflow_dag.py
[2026-02-22T18:15:07.978+0000] {logging_mixin.py:154} INFO - [2026-02-22T18:15:07.973+0000] {dagbag.py:346} ERROR - Failed to import: /opt/airflow/dags/airflow_dag.py
Traceback (most recent call last):
  File "/home/airflow/.local/lib/python3.8/site-packages/airflow/models/dagbag.py", line 342, in parse
    loader.exec_module(new_module)
  File "<frozen importlib._bootstrap_external>", line 843, in exec_module
  File "<frozen importlib._bootstrap>", line 219, in _call_with_frames_removed
  File "/opt/airflow/dags/airflow_dag.py", line 9, in <module>
    import data_loader as loader
  File "/opt/airflow/dags/data_loader.py", line 35, in <module>
    class DataLoader:
  File "/opt/airflow/dags/data_loader.py", line 38, in DataLoader
    def __init__(self, db_config: dict | None = None):
TypeError: unsupported operand type(s) for |: 'type' and 'NoneType'
[2026-02-22T18:15:07.979+0000] {processor.py:841} WARNING - No viable dags retrieved from /opt/airflow/dags/airflow_dag.py
[2026-02-22T18:15:08.008+0000] {processor.py:179} INFO - Processing /opt/airflow/dags/airflow_dag.py took 0.515 seconds
[2026-02-22T18:15:38.296+0000] {processor.py:157} INFO - Started process (PID=426) to work on /opt/airflow/dags/airflow_dag.py
[2026-02-22T18:15:38.297+0000] {processor.py:829} INFO - Processing file /opt/airflow/dags/airflow_dag.py for tasks to queue
[2026-02-22T18:15:38.298+0000] {logging_mixin.py:154} INFO - [2026-02-22T18:15:38.298+0000] {dagbag.py:536} INFO - Filling up the DagBag from /opt/airflow/dags/airflow_dag.py
[2026-02-22T18:15:38.696+0000] {logging_mixin.py:154} INFO - [2026-02-22T18:15:38.692+0000] {dagbag.py:346} ERROR - Failed to import: /opt/airflow/dags/airflow_dag.py
Traceback (most recent call last):
  File "/home/airflow/.local/lib/python3.8/site-packages/airflow/models/dagbag.py", line 342, in parse
    loader.exec_module(new_module)
  File "<frozen importlib._bootstrap_external>", line 843, in exec_module
  File "<frozen importlib._bootstrap>", line 219, in _call_with_frames_removed
  File "/opt/airflow/dags/airflow_dag.py", line 9, in <module>
    import data_loader as loader
  File "/opt/airflow/dags/data_loader.py", line 35, in <module>
    class DataLoader:
  File "/opt/airflow/dags/data_loader.py", line 38, in DataLoader
    def __init__(self, db_config: dict | None = None):
TypeError: unsupported operand type(s) for |: 'type' and 'NoneType'
[2026-02-22T18:15:38.697+0000] {processor.py:841} WARNING - No viable dags retrieved from /opt/airflow/dags/airflow_dag.py
[2026-02-22T18:15:38.727+0000] {processor.py:179} INFO - Processing /opt/airflow/dags/airflow_dag.py took 0.434 seconds
[2026-02-22T18:16:08.985+0000] {processor.py:157} INFO - Started process (PID=432) to work on /opt/airflow/dags/airflow_dag.py
[2026-02-22T18:16:08.986+0000] {processor.py:829} INFO - Processing file /opt/airflow/dags/airflow_dag.py for tasks to queue
[2026-02-22T18:16:08.987+0000] {logging_mixin.py:154} INFO - [2026-02-22T18:16:08.987+0000] {dagbag.py:536} INFO - Filling up the DagBag from /opt/airflow/dags/airflow_dag.py
[2026-02-22T18:16:09.378+0000] {logging_mixin.py:154} INFO - [2026-02-22T18:16:09.372+0000] {dagbag.py:346} ERROR - Failed to import: /opt/airflow/dags/airflow_dag.py
Traceback (most recent call last):
  File "/home/airflow/.local/lib/python3.8/site-packages/airflow/models/dagbag.py", line 342, in parse
    loader.exec_module(new_module)
  File "<frozen importlib._bootstrap_external>", line 843, in exec_module
  File "<frozen importlib._bootstrap>", line 219, in _call_with_frames_removed
  File "/opt/airflow/dags/airflow_dag.py", line 9, in <module>
    import data_loader as loader
  File "/opt/airflow/dags/data_loader.py", line 35, in <module>
    class DataLoader:
  File "/opt/airflow/dags/data_loader.py", line 38, in DataLoader
    def __init__(self, db_config: dict | None = None):
TypeError: unsupported operand type(s) for |: 'type' and 'NoneType'
[2026-02-22T18:16:09.379+0000] {processor.py:841} WARNING - No viable dags retrieved from /opt/airflow/dags/airflow_dag.py
[2026-02-22T18:16:09.406+0000] {processor.py:179} INFO - Processing /opt/airflow/dags/airflow_dag.py took 0.420 seconds
[2026-02-22T18:16:39.681+0000] {processor.py:157} INFO - Started process (PID=438) to work on /opt/airflow/dags/airflow_dag.py
[2026-02-22T18:16:39.684+0000] {processor.py:829} INFO - Processing file /opt/airflow/dags/airflow_dag.py for tasks to queue
[2026-02-22T18:16:39.685+0000] {logging_mixin.py:154} INFO - [2026-02-22T18:16:39.685+0000] {dagbag.py:536} INFO - Filling up the DagBag from /opt/airflow/dags/airflow_dag.py
[2026-02-22T18:16:40.183+0000] {logging_mixin.py:154} INFO - [2026-02-22T18:16:40.179+0000] {dagbag.py:346} ERROR - Failed to import: /opt/airflow/dags/airflow_dag.py
Traceback (most recent call last):
  File "/home/airflow/.local/lib/python3.8/site-packages/airflow/models/dagbag.py", line 342, in parse
    loader.exec_module(new_module)
  File "<frozen importlib._bootstrap_external>", line 843, in exec_module
  File "<frozen importlib._bootstrap>", line 219, in _call_with_frames_removed
  File "/opt/airflow/dags/airflow_dag.py", line 9, in <module>
    import data_loader as loader
  File "/opt/airflow/dags/data_loader.py", line 35, in <module>
    class DataLoader:
  File "/opt/airflow/dags/data_loader.py", line 38, in DataLoader
    def __init__(self, db_config: dict | None = None):
TypeError: unsupported operand type(s) for |: 'type' and 'NoneType'
[2026-02-22T18:16:40.184+0000] {processor.py:841} WARNING - No viable dags retrieved from /opt/airflow/dags/airflow_dag.py
[2026-02-22T18:16:40.205+0000] {processor.py:179} INFO - Processing /opt/airflow/dags/airflow_dag.py took 0.532 seconds
[2026-02-22T18:17:10.496+0000] {processor.py:157} INFO - Started process (PID=444) to work on /opt/airflow/dags/airflow_dag.py
[2026-02-22T18:17:10.497+0000] {processor.py:829} INFO - Processing file /opt/airflow/dags/airflow_dag.py for tasks to queue
[2026-02-22T18:17:10.498+0000] {logging_mixin.py:154} INFO - [2026-02-22T18:17:10.498+0000] {dagbag.py:536} INFO - Filling up the DagBag from /opt/airflow/dags/airflow_dag.py
[2026-02-22T18:17:10.923+0000] {logging_mixin.py:154} INFO - [2026-02-22T18:17:10.916+0000] {dagbag.py:346} ERROR - Failed to import: /opt/airflow/dags/airflow_dag.py
Traceback (most recent call last):
  File "/home/airflow/.local/lib/python3.8/site-packages/airflow/models/dagbag.py", line 342, in parse
    loader.exec_module(new_module)
  File "<frozen importlib._bootstrap_external>", line 843, in exec_module
  File "<frozen importlib._bootstrap>", line 219, in _call_with_frames_removed
  File "/opt/airflow/dags/airflow_dag.py", line 9, in <module>
    import data_loader as loader
  File "/opt/airflow/dags/data_loader.py", line 35, in <module>
    class DataLoader:
  File "/opt/airflow/dags/data_loader.py", line 38, in DataLoader
    def __init__(self, db_config: dict | None = None):
TypeError: unsupported operand type(s) for |: 'type' and 'NoneType'
[2026-02-22T18:17:10.924+0000] {processor.py:841} WARNING - No viable dags retrieved from /opt/airflow/dags/airflow_dag.py
[2026-02-22T18:17:10.953+0000] {processor.py:179} INFO - Processing /opt/airflow/dags/airflow_dag.py took 0.460 seconds
[2026-02-22T18:17:41.173+0000] {processor.py:157} INFO - Started process (PID=450) to work on /opt/airflow/dags/airflow_dag.py
[2026-02-22T18:17:41.177+0000] {processor.py:829} INFO - Processing file /opt/airflow/dags/airflow_dag.py for tasks to queue
[2026-02-22T18:17:41.178+0000] {logging_mixin.py:154} INFO - [2026-02-22T18:17:41.178+0000] {dagbag.py:536} INFO - Filling up the DagBag from /opt/airflow/dags/airflow_dag.py
[2026-02-22T18:17:41.561+0000] {logging_mixin.py:154} INFO - [2026-02-22T18:17:41.555+0000] {dagbag.py:346} ERROR - Failed to import: /opt/airflow/dags/airflow_dag.py
Traceback (most recent call last):
  File "/home/airflow/.local/lib/python3.8/site-packages/airflow/models/dagbag.py", line 342, in parse
    loader.exec_module(new_module)
  File "<frozen importlib._bootstrap_external>", line 843, in exec_module
  File "<frozen importlib._bootstrap>", line 219, in _call_with_frames_removed
  File "/opt/airflow/dags/airflow_dag.py", line 9, in <module>
    import data_loader as loader
  File "/opt/airflow/dags/data_loader.py", line 11
    from __future__ import annotations
    ^
SyntaxError: from __future__ imports must occur at the beginning of the file
[2026-02-22T18:17:41.562+0000] {processor.py:841} WARNING - No viable dags retrieved from /opt/airflow/dags/airflow_dag.py
[2026-02-22T18:17:41.879+0000] {processor.py:179} INFO - Processing /opt/airflow/dags/airflow_dag.py took 0.713 seconds
[2026-02-22T18:18:23.871+0000] {processor.py:157} INFO - Started process (PID=163) to work on /opt/airflow/dags/airflow_dag.py
[2026-02-22T18:18:23.873+0000] {processor.py:829} INFO - Processing file /opt/airflow/dags/airflow_dag.py for tasks to queue
[2026-02-22T18:18:23.877+0000] {logging_mixin.py:154} INFO - [2026-02-22T18:18:23.874+0000] {dagbag.py:536} INFO - Filling up the DagBag from /opt/airflow/dags/airflow_dag.py
[2026-02-22T18:18:25.121+0000] {logging_mixin.py:154} INFO - [2026-02-22T18:18:25.113+0000] {dagbag.py:346} ERROR - Failed to import: /opt/airflow/dags/airflow_dag.py
Traceback (most recent call last):
  File "/home/airflow/.local/lib/python3.8/site-packages/airflow/models/dagbag.py", line 342, in parse
    loader.exec_module(new_module)
  File "<frozen importlib._bootstrap_external>", line 843, in exec_module
  File "<frozen importlib._bootstrap>", line 219, in _call_with_frames_removed
  File "/opt/airflow/dags/airflow_dag.py", line 9, in <module>
    import data_loader as loader
  File "/opt/airflow/dags/data_loader.py", line 11
    from __future__ import annotations
    ^
SyntaxError: from __future__ imports must occur at the beginning of the file
[2026-02-22T18:18:25.122+0000] {processor.py:841} WARNING - No viable dags retrieved from /opt/airflow/dags/airflow_dag.py
[2026-02-22T18:18:25.162+0000] {processor.py:179} INFO - Processing /opt/airflow/dags/airflow_dag.py took 1.300 seconds
[2026-02-22T18:18:55.234+0000] {processor.py:157} INFO - Started process (PID=169) to work on /opt/airflow/dags/airflow_dag.py
[2026-02-22T18:18:55.235+0000] {processor.py:829} INFO - Processing file /opt/airflow/dags/airflow_dag.py for tasks to queue
[2026-02-22T18:18:55.237+0000] {logging_mixin.py:154} INFO - [2026-02-22T18:18:55.236+0000] {dagbag.py:536} INFO - Filling up the DagBag from /opt/airflow/dags/airflow_dag.py
[2026-02-22T18:18:56.095+0000] {logging_mixin.py:154} INFO - [2026-02-22T18:18:56.064+0000] {dagbag.py:346} ERROR - Failed to import: /opt/airflow/dags/airflow_dag.py
Traceback (most recent call last):
  File "/home/airflow/.local/lib/python3.8/site-packages/airflow/models/dagbag.py", line 342, in parse
    loader.exec_module(new_module)
  File "<frozen importlib._bootstrap_external>", line 843, in exec_module
  File "<frozen importlib._bootstrap>", line 219, in _call_with_frames_removed
  File "/opt/airflow/dags/airflow_dag.py", line 9, in <module>
    import data_loader as loader
  File "/opt/airflow/dags/data_loader.py", line 11
    from __future__ import annotations
    ^
SyntaxError: from __future__ imports must occur at the beginning of the file
[2026-02-22T18:18:56.108+0000] {processor.py:841} WARNING - No viable dags retrieved from /opt/airflow/dags/airflow_dag.py
[2026-02-22T18:18:56.200+0000] {processor.py:179} INFO - Processing /opt/airflow/dags/airflow_dag.py took 0.974 seconds
[2026-02-22T18:19:26.472+0000] {processor.py:157} INFO - Started process (PID=175) to work on /opt/airflow/dags/airflow_dag.py
[2026-02-22T18:19:26.474+0000] {processor.py:829} INFO - Processing file /opt/airflow/dags/airflow_dag.py for tasks to queue
[2026-02-22T18:19:26.475+0000] {logging_mixin.py:154} INFO - [2026-02-22T18:19:26.474+0000] {dagbag.py:536} INFO - Filling up the DagBag from /opt/airflow/dags/airflow_dag.py
[2026-02-22T18:19:26.883+0000] {logging_mixin.py:154} INFO - [2026-02-22T18:19:26.874+0000] {dagbag.py:346} ERROR - Failed to import: /opt/airflow/dags/airflow_dag.py
Traceback (most recent call last):
  File "/home/airflow/.local/lib/python3.8/site-packages/airflow/models/dagbag.py", line 342, in parse
    loader.exec_module(new_module)
  File "<frozen importlib._bootstrap_external>", line 843, in exec_module
  File "<frozen importlib._bootstrap>", line 219, in _call_with_frames_removed
  File "/opt/airflow/dags/airflow_dag.py", line 9, in <module>
    import data_loader as loader
  File "/opt/airflow/dags/data_loader.py", line 11
    from __future__ import annotations
    ^
SyntaxError: from __future__ imports must occur at the beginning of the file
[2026-02-22T18:19:26.884+0000] {processor.py:841} WARNING - No viable dags retrieved from /opt/airflow/dags/airflow_dag.py
[2026-02-22T18:19:27.601+0000] {processor.py:179} INFO - Processing /opt/airflow/dags/airflow_dag.py took 1.131 seconds
[2026-02-22T18:19:57.716+0000] {processor.py:157} INFO - Started process (PID=181) to work on /opt/airflow/dags/airflow_dag.py
[2026-02-22T18:19:57.717+0000] {processor.py:829} INFO - Processing file /opt/airflow/dags/airflow_dag.py for tasks to queue
[2026-02-22T18:19:57.718+0000] {logging_mixin.py:154} INFO - [2026-02-22T18:19:57.718+0000] {dagbag.py:536} INFO - Filling up the DagBag from /opt/airflow/dags/airflow_dag.py
[2026-02-22T18:19:58.228+0000] {logging_mixin.py:154} INFO - [2026-02-22T18:19:58.219+0000] {dagbag.py:346} ERROR - Failed to import: /opt/airflow/dags/airflow_dag.py
Traceback (most recent call last):
  File "/home/airflow/.local/lib/python3.8/site-packages/airflow/models/dagbag.py", line 342, in parse
    loader.exec_module(new_module)
  File "<frozen importlib._bootstrap_external>", line 843, in exec_module
  File "<frozen importlib._bootstrap>", line 219, in _call_with_frames_removed
  File "/opt/airflow/dags/airflow_dag.py", line 9, in <module>
    import data_loader as loader
  File "/opt/airflow/dags/data_loader.py", line 11
    from __future__ import annotations
    ^
SyntaxError: from __future__ imports must occur at the beginning of the file
[2026-02-22T18:19:58.229+0000] {processor.py:841} WARNING - No viable dags retrieved from /opt/airflow/dags/airflow_dag.py
[2026-02-22T18:19:58.256+0000] {processor.py:179} INFO - Processing /opt/airflow/dags/airflow_dag.py took 0.544 seconds
[2026-02-22T18:20:28.504+0000] {processor.py:157} INFO - Started process (PID=187) to work on /opt/airflow/dags/airflow_dag.py
[2026-02-22T18:20:28.505+0000] {processor.py:829} INFO - Processing file /opt/airflow/dags/airflow_dag.py for tasks to queue
[2026-02-22T18:20:28.506+0000] {logging_mixin.py:154} INFO - [2026-02-22T18:20:28.506+0000] {dagbag.py:536} INFO - Filling up the DagBag from /opt/airflow/dags/airflow_dag.py
[2026-02-22T18:20:28.781+0000] {logging_mixin.py:154} INFO - [2026-02-22T18:20:28.777+0000] {dagbag.py:346} ERROR - Failed to import: /opt/airflow/dags/airflow_dag.py
Traceback (most recent call last):
  File "/home/airflow/.local/lib/python3.8/site-packages/airflow/models/dagbag.py", line 342, in parse
    loader.exec_module(new_module)
  File "<frozen importlib._bootstrap_external>", line 843, in exec_module
  File "<frozen importlib._bootstrap>", line 219, in _call_with_frames_removed
  File "/opt/airflow/dags/airflow_dag.py", line 9, in <module>
    import data_loader as loader
  File "/opt/airflow/dags/data_loader.py", line 11
    from __future__ import annotations
    ^
SyntaxError: from __future__ imports must occur at the beginning of the file
[2026-02-22T18:20:28.782+0000] {processor.py:841} WARNING - No viable dags retrieved from /opt/airflow/dags/airflow_dag.py
[2026-02-22T18:20:28.810+0000] {processor.py:179} INFO - Processing /opt/airflow/dags/airflow_dag.py took 0.309 seconds
[2026-02-22T18:20:59.011+0000] {processor.py:157} INFO - Started process (PID=193) to work on /opt/airflow/dags/airflow_dag.py
[2026-02-22T18:20:59.012+0000] {processor.py:829} INFO - Processing file /opt/airflow/dags/airflow_dag.py for tasks to queue
[2026-02-22T18:20:59.013+0000] {logging_mixin.py:154} INFO - [2026-02-22T18:20:59.013+0000] {dagbag.py:536} INFO - Filling up the DagBag from /opt/airflow/dags/airflow_dag.py
[2026-02-22T18:20:59.339+0000] {logging_mixin.py:154} INFO - [2026-02-22T18:20:59.331+0000] {dagbag.py:346} ERROR - Failed to import: /opt/airflow/dags/airflow_dag.py
Traceback (most recent call last):
  File "/home/airflow/.local/lib/python3.8/site-packages/airflow/models/dagbag.py", line 342, in parse
    loader.exec_module(new_module)
  File "<frozen importlib._bootstrap_external>", line 843, in exec_module
  File "<frozen importlib._bootstrap>", line 219, in _call_with_frames_removed
  File "/opt/airflow/dags/airflow_dag.py", line 9, in <module>
    import data_loader as loader
  File "/opt/airflow/dags/data_loader.py", line 11
    from __future__ import annotations
    ^
SyntaxError: from __future__ imports must occur at the beginning of the file
[2026-02-22T18:20:59.341+0000] {processor.py:841} WARNING - No viable dags retrieved from /opt/airflow/dags/airflow_dag.py
[2026-02-22T18:20:59.376+0000] {processor.py:179} INFO - Processing /opt/airflow/dags/airflow_dag.py took 0.369 seconds
[2026-02-22T18:21:29.630+0000] {processor.py:157} INFO - Started process (PID=199) to work on /opt/airflow/dags/airflow_dag.py
[2026-02-22T18:21:29.631+0000] {processor.py:829} INFO - Processing file /opt/airflow/dags/airflow_dag.py for tasks to queue
[2026-02-22T18:21:29.632+0000] {logging_mixin.py:154} INFO - [2026-02-22T18:21:29.632+0000] {dagbag.py:536} INFO - Filling up the DagBag from /opt/airflow/dags/airflow_dag.py
[2026-02-22T18:21:29.908+0000] {logging_mixin.py:154} INFO - [2026-02-22T18:21:29.904+0000] {dagbag.py:346} ERROR - Failed to import: /opt/airflow/dags/airflow_dag.py
Traceback (most recent call last):
  File "/home/airflow/.local/lib/python3.8/site-packages/airflow/models/dagbag.py", line 342, in parse
    loader.exec_module(new_module)
  File "<frozen importlib._bootstrap_external>", line 843, in exec_module
  File "<frozen importlib._bootstrap>", line 219, in _call_with_frames_removed
  File "/opt/airflow/dags/airflow_dag.py", line 9, in <module>
    import data_loader as loader
  File "/opt/airflow/dags/data_loader.py", line 11
    from __future__ import annotations
    ^
SyntaxError: from __future__ imports must occur at the beginning of the file
[2026-02-22T18:21:29.909+0000] {processor.py:841} WARNING - No viable dags retrieved from /opt/airflow/dags/airflow_dag.py
[2026-02-22T18:21:29.935+0000] {processor.py:179} INFO - Processing /opt/airflow/dags/airflow_dag.py took 0.307 seconds
[2026-02-22T18:22:00.624+0000] {processor.py:157} INFO - Started process (PID=205) to work on /opt/airflow/dags/airflow_dag.py
[2026-02-22T18:22:00.625+0000] {processor.py:829} INFO - Processing file /opt/airflow/dags/airflow_dag.py for tasks to queue
[2026-02-22T18:22:00.626+0000] {logging_mixin.py:154} INFO - [2026-02-22T18:22:00.626+0000] {dagbag.py:536} INFO - Filling up the DagBag from /opt/airflow/dags/airflow_dag.py
[2026-02-22T18:22:00.935+0000] {logging_mixin.py:154} INFO - [2026-02-22T18:22:00.928+0000] {dagbag.py:346} ERROR - Failed to import: /opt/airflow/dags/airflow_dag.py
Traceback (most recent call last):
  File "/home/airflow/.local/lib/python3.8/site-packages/airflow/models/dagbag.py", line 342, in parse
    loader.exec_module(new_module)
  File "<frozen importlib._bootstrap_external>", line 843, in exec_module
  File "<frozen importlib._bootstrap>", line 219, in _call_with_frames_removed
  File "/opt/airflow/dags/airflow_dag.py", line 9, in <module>
    import data_loader as loader
  File "/opt/airflow/dags/data_loader.py", line 11
    from __future__ import annotations
    ^
SyntaxError: from __future__ imports must occur at the beginning of the file
[2026-02-22T18:22:00.936+0000] {processor.py:841} WARNING - No viable dags retrieved from /opt/airflow/dags/airflow_dag.py
[2026-02-22T18:22:00.971+0000] {processor.py:179} INFO - Processing /opt/airflow/dags/airflow_dag.py took 0.350 seconds
[2026-02-22T18:22:31.247+0000] {processor.py:157} INFO - Started process (PID=211) to work on /opt/airflow/dags/airflow_dag.py
[2026-02-22T18:22:31.248+0000] {processor.py:829} INFO - Processing file /opt/airflow/dags/airflow_dag.py for tasks to queue
[2026-02-22T18:22:31.250+0000] {logging_mixin.py:154} INFO - [2026-02-22T18:22:31.249+0000] {dagbag.py:536} INFO - Filling up the DagBag from /opt/airflow/dags/airflow_dag.py
[2026-02-22T18:22:31.585+0000] {logging_mixin.py:154} INFO - [2026-02-22T18:22:31.580+0000] {dagbag.py:346} ERROR - Failed to import: /opt/airflow/dags/airflow_dag.py
Traceback (most recent call last):
  File "/home/airflow/.local/lib/python3.8/site-packages/airflow/models/dagbag.py", line 342, in parse
    loader.exec_module(new_module)
  File "<frozen importlib._bootstrap_external>", line 843, in exec_module
  File "<frozen importlib._bootstrap>", line 219, in _call_with_frames_removed
  File "/opt/airflow/dags/airflow_dag.py", line 9, in <module>
    import data_loader as loader
  File "/opt/airflow/dags/data_loader.py", line 11
    from __future__ import annotations
    ^
SyntaxError: from __future__ imports must occur at the beginning of the file
[2026-02-22T18:22:31.586+0000] {processor.py:841} WARNING - No viable dags retrieved from /opt/airflow/dags/airflow_dag.py
[2026-02-22T18:22:31.782+0000] {processor.py:179} INFO - Processing /opt/airflow/dags/airflow_dag.py took 0.539 seconds
[2026-02-22T18:23:02.035+0000] {processor.py:157} INFO - Started process (PID=217) to work on /opt/airflow/dags/airflow_dag.py
[2026-02-22T18:23:02.037+0000] {processor.py:829} INFO - Processing file /opt/airflow/dags/airflow_dag.py for tasks to queue
[2026-02-22T18:23:02.039+0000] {logging_mixin.py:154} INFO - [2026-02-22T18:23:02.038+0000] {dagbag.py:536} INFO - Filling up the DagBag from /opt/airflow/dags/airflow_dag.py
[2026-02-22T18:23:02.480+0000] {logging_mixin.py:154} INFO - [2026-02-22T18:23:02.477+0000] {dagbag.py:346} ERROR - Failed to import: /opt/airflow/dags/airflow_dag.py
Traceback (most recent call last):
  File "/home/airflow/.local/lib/python3.8/site-packages/airflow/models/dagbag.py", line 342, in parse
    loader.exec_module(new_module)
  File "<frozen importlib._bootstrap_external>", line 843, in exec_module
  File "<frozen importlib._bootstrap>", line 219, in _call_with_frames_removed
  File "/opt/airflow/dags/airflow_dag.py", line 9, in <module>
    import data_loader as loader
  File "/opt/airflow/dags/data_loader.py", line 11
    from __future__ import annotations
    ^
SyntaxError: from __future__ imports must occur at the beginning of the file
[2026-02-22T18:23:02.481+0000] {processor.py:841} WARNING - No viable dags retrieved from /opt/airflow/dags/airflow_dag.py
[2026-02-22T18:23:02.502+0000] {processor.py:179} INFO - Processing /opt/airflow/dags/airflow_dag.py took 0.470 seconds
[2026-02-22T18:23:32.651+0000] {processor.py:157} INFO - Started process (PID=223) to work on /opt/airflow/dags/airflow_dag.py
[2026-02-22T18:23:32.654+0000] {processor.py:829} INFO - Processing file /opt/airflow/dags/airflow_dag.py for tasks to queue
[2026-02-22T18:23:32.657+0000] {logging_mixin.py:154} INFO - [2026-02-22T18:23:32.656+0000] {dagbag.py:536} INFO - Filling up the DagBag from /opt/airflow/dags/airflow_dag.py
[2026-02-22T18:23:33.077+0000] {logging_mixin.py:154} INFO - [2026-02-22T18:23:33.072+0000] {dagbag.py:346} ERROR - Failed to import: /opt/airflow/dags/airflow_dag.py
Traceback (most recent call last):
  File "/home/airflow/.local/lib/python3.8/site-packages/airflow/models/dagbag.py", line 342, in parse
    loader.exec_module(new_module)
  File "<frozen importlib._bootstrap_external>", line 843, in exec_module
  File "<frozen importlib._bootstrap>", line 219, in _call_with_frames_removed
  File "/opt/airflow/dags/airflow_dag.py", line 9, in <module>
    import data_loader as loader
  File "/opt/airflow/dags/data_loader.py", line 11
    from __future__ import annotations
    ^
SyntaxError: from __future__ imports must occur at the beginning of the file
[2026-02-22T18:23:33.078+0000] {processor.py:841} WARNING - No viable dags retrieved from /opt/airflow/dags/airflow_dag.py
[2026-02-22T18:23:33.101+0000] {processor.py:179} INFO - Processing /opt/airflow/dags/airflow_dag.py took 0.454 seconds
[2026-02-22T18:24:03.155+0000] {processor.py:157} INFO - Started process (PID=229) to work on /opt/airflow/dags/airflow_dag.py
[2026-02-22T18:24:03.157+0000] {processor.py:829} INFO - Processing file /opt/airflow/dags/airflow_dag.py for tasks to queue
[2026-02-22T18:24:03.158+0000] {logging_mixin.py:154} INFO - [2026-02-22T18:24:03.158+0000] {dagbag.py:536} INFO - Filling up the DagBag from /opt/airflow/dags/airflow_dag.py
[2026-02-22T18:24:03.430+0000] {logging_mixin.py:154} INFO - [2026-02-22T18:24:03.426+0000] {dagbag.py:346} ERROR - Failed to import: /opt/airflow/dags/airflow_dag.py
Traceback (most recent call last):
  File "/home/airflow/.local/lib/python3.8/site-packages/airflow/models/dagbag.py", line 342, in parse
    loader.exec_module(new_module)
  File "<frozen importlib._bootstrap_external>", line 843, in exec_module
  File "<frozen importlib._bootstrap>", line 219, in _call_with_frames_removed
  File "/opt/airflow/dags/airflow_dag.py", line 9, in <module>
    import data_loader as loader
  File "/opt/airflow/dags/data_loader.py", line 11
    from __future__ import annotations
    ^
SyntaxError: from __future__ imports must occur at the beginning of the file
[2026-02-22T18:24:03.430+0000] {processor.py:841} WARNING - No viable dags retrieved from /opt/airflow/dags/airflow_dag.py
[2026-02-22T18:24:03.456+0000] {processor.py:179} INFO - Processing /opt/airflow/dags/airflow_dag.py took 0.305 seconds
[2026-02-22T18:24:33.626+0000] {processor.py:157} INFO - Started process (PID=235) to work on /opt/airflow/dags/airflow_dag.py
[2026-02-22T18:24:33.627+0000] {processor.py:829} INFO - Processing file /opt/airflow/dags/airflow_dag.py for tasks to queue
[2026-02-22T18:24:33.628+0000] {logging_mixin.py:154} INFO - [2026-02-22T18:24:33.628+0000] {dagbag.py:536} INFO - Filling up the DagBag from /opt/airflow/dags/airflow_dag.py
[2026-02-22T18:24:33.902+0000] {logging_mixin.py:154} INFO - [2026-02-22T18:24:33.898+0000] {dagbag.py:346} ERROR - Failed to import: /opt/airflow/dags/airflow_dag.py
Traceback (most recent call last):
  File "/home/airflow/.local/lib/python3.8/site-packages/airflow/models/dagbag.py", line 342, in parse
    loader.exec_module(new_module)
  File "<frozen importlib._bootstrap_external>", line 843, in exec_module
  File "<frozen importlib._bootstrap>", line 219, in _call_with_frames_removed
  File "/opt/airflow/dags/airflow_dag.py", line 9, in <module>
    import data_loader as loader
  File "/opt/airflow/dags/data_loader.py", line 11
    from __future__ import annotations
    ^
SyntaxError: from __future__ imports must occur at the beginning of the file
[2026-02-22T18:24:33.903+0000] {processor.py:841} WARNING - No viable dags retrieved from /opt/airflow/dags/airflow_dag.py
[2026-02-22T18:24:33.926+0000] {processor.py:179} INFO - Processing /opt/airflow/dags/airflow_dag.py took 0.303 seconds
[2026-02-22T18:25:04.175+0000] {processor.py:157} INFO - Started process (PID=241) to work on /opt/airflow/dags/airflow_dag.py
[2026-02-22T18:25:04.176+0000] {processor.py:829} INFO - Processing file /opt/airflow/dags/airflow_dag.py for tasks to queue
[2026-02-22T18:25:04.177+0000] {logging_mixin.py:154} INFO - [2026-02-22T18:25:04.177+0000] {dagbag.py:536} INFO - Filling up the DagBag from /opt/airflow/dags/airflow_dag.py
[2026-02-22T18:25:04.435+0000] {logging_mixin.py:154} INFO - [2026-02-22T18:25:04.431+0000] {dagbag.py:346} ERROR - Failed to import: /opt/airflow/dags/airflow_dag.py
Traceback (most recent call last):
  File "/home/airflow/.local/lib/python3.8/site-packages/airflow/models/dagbag.py", line 342, in parse
    loader.exec_module(new_module)
  File "<frozen importlib._bootstrap_external>", line 843, in exec_module
  File "<frozen importlib._bootstrap>", line 219, in _call_with_frames_removed
  File "/opt/airflow/dags/airflow_dag.py", line 9, in <module>
    import data_loader as loader
  File "/opt/airflow/dags/data_loader.py", line 11
    from __future__ import annotations
    ^
SyntaxError: from __future__ imports must occur at the beginning of the file
[2026-02-22T18:25:04.436+0000] {processor.py:841} WARNING - No viable dags retrieved from /opt/airflow/dags/airflow_dag.py
[2026-02-22T18:25:04.467+0000] {processor.py:179} INFO - Processing /opt/airflow/dags/airflow_dag.py took 0.295 seconds
[2026-02-22T18:25:34.705+0000] {processor.py:157} INFO - Started process (PID=247) to work on /opt/airflow/dags/airflow_dag.py
[2026-02-22T18:25:34.706+0000] {processor.py:829} INFO - Processing file /opt/airflow/dags/airflow_dag.py for tasks to queue
[2026-02-22T18:25:34.708+0000] {logging_mixin.py:154} INFO - [2026-02-22T18:25:34.707+0000] {dagbag.py:536} INFO - Filling up the DagBag from /opt/airflow/dags/airflow_dag.py
[2026-02-22T18:25:35.235+0000] {logging_mixin.py:154} INFO - [2026-02-22T18:25:35.231+0000] {dagbag.py:346} ERROR - Failed to import: /opt/airflow/dags/airflow_dag.py
Traceback (most recent call last):
  File "/home/airflow/.local/lib/python3.8/site-packages/airflow/models/dagbag.py", line 342, in parse
    loader.exec_module(new_module)
  File "<frozen importlib._bootstrap_external>", line 843, in exec_module
  File "<frozen importlib._bootstrap>", line 219, in _call_with_frames_removed
  File "/opt/airflow/dags/airflow_dag.py", line 9, in <module>
    import data_loader as loader
  File "/opt/airflow/dags/data_loader.py", line 11
    from __future__ import annotations
    ^
SyntaxError: from __future__ imports must occur at the beginning of the file
[2026-02-22T18:25:35.237+0000] {processor.py:841} WARNING - No viable dags retrieved from /opt/airflow/dags/airflow_dag.py
[2026-02-22T18:25:35.269+0000] {processor.py:179} INFO - Processing /opt/airflow/dags/airflow_dag.py took 0.569 seconds
[2026-02-22T18:26:05.547+0000] {processor.py:157} INFO - Started process (PID=253) to work on /opt/airflow/dags/airflow_dag.py
[2026-02-22T18:26:05.549+0000] {processor.py:829} INFO - Processing file /opt/airflow/dags/airflow_dag.py for tasks to queue
[2026-02-22T18:26:05.549+0000] {logging_mixin.py:154} INFO - [2026-02-22T18:26:05.549+0000] {dagbag.py:536} INFO - Filling up the DagBag from /opt/airflow/dags/airflow_dag.py
[2026-02-22T18:26:05.824+0000] {logging_mixin.py:154} INFO - [2026-02-22T18:26:05.819+0000] {dagbag.py:346} ERROR - Failed to import: /opt/airflow/dags/airflow_dag.py
Traceback (most recent call last):
  File "/home/airflow/.local/lib/python3.8/site-packages/airflow/models/dagbag.py", line 342, in parse
    loader.exec_module(new_module)
  File "<frozen importlib._bootstrap_external>", line 843, in exec_module
  File "<frozen importlib._bootstrap>", line 219, in _call_with_frames_removed
  File "/opt/airflow/dags/airflow_dag.py", line 9, in <module>
    import data_loader as loader
  File "/opt/airflow/dags/data_loader.py", line 11
    from __future__ import annotations
    ^
SyntaxError: from __future__ imports must occur at the beginning of the file
[2026-02-22T18:26:05.825+0000] {processor.py:841} WARNING - No viable dags retrieved from /opt/airflow/dags/airflow_dag.py
[2026-02-22T18:26:05.854+0000] {processor.py:179} INFO - Processing /opt/airflow/dags/airflow_dag.py took 0.309 seconds
