[2026-02-21T18:52:26.790+0000] {manager.py:487} INFO - Processing files using up to 2 processes at a time 
[2026-02-21T18:52:26.790+0000] {manager.py:488} INFO - Process each file at most once every 30 seconds
[2026-02-21T18:52:26.791+0000] {manager.py:489} INFO - Checking for new files in /opt/airflow/dags every 300 seconds
[2026-02-21T18:52:26.791+0000] {manager.py:755} INFO - Searching for files in /opt/airflow/dags
[2026-02-21T18:52:26.914+0000] {manager.py:758} INFO - There are 1 files in /opt/airflow/dags
[2026-02-21T18:52:29.999+0000] {manager.py:887} INFO - 
================================================================================
DAG File Processing Stats

File Path                         PID    Runtime      # DAGs    # Errors  Last Runtime    Last Run
--------------------------------  -----  ---------  --------  ----------  --------------  -------------------
/opt/airflow/dags/airflow_dag.py                           0           1  2.00s           2026-02-21T18:52:28
================================================================================
[2026-02-21T18:52:33.578+0000] {manager.py:469} INFO - Exiting gracefully upon receiving signal 15
[2026-02-22T17:53:03.283+0000] {manager.py:487} INFO - Processing files using up to 2 processes at a time 
[2026-02-22T17:53:03.284+0000] {manager.py:488} INFO - Process each file at most once every 30 seconds
[2026-02-22T17:53:03.285+0000] {manager.py:489} INFO - Checking for new files in /opt/airflow/dags every 300 seconds
[2026-02-22T17:53:03.286+0000] {manager.py:755} INFO - Searching for files in /opt/airflow/dags
[2026-02-22T17:53:03.430+0000] {manager.py:758} INFO - There are 1 files in /opt/airflow/dags
[2026-02-22T17:53:05.264+0000] {manager.py:887} INFO - 
================================================================================
DAG File Processing Stats

File Path                           PID  Runtime      # DAGs    # Errors  Last Runtime    Last Run
--------------------------------  -----  ---------  --------  ----------  --------------  ----------
/opt/airflow/dags/airflow_dag.py    162  1.24s             0           0
================================================================================
[2026-02-22T17:53:35.643+0000] {manager.py:887} INFO - 
================================================================================
DAG File Processing Stats

File Path                         PID    Runtime      # DAGs    # Errors  Last Runtime    Last Run
--------------------------------  -----  ---------  --------  ----------  --------------  -------------------
/opt/airflow/dags/airflow_dag.py                           0           1  4.35s           2026-02-22T17:53:08
================================================================================
[2026-02-22T17:54:05.882+0000] {manager.py:887} INFO - 
================================================================================
DAG File Processing Stats

File Path                         PID    Runtime      # DAGs    # Errors  Last Runtime    Last Run
--------------------------------  -----  ---------  --------  ----------  --------------  -------------------
/opt/airflow/dags/airflow_dag.py                           0           1  0.71s           2026-02-22T17:53:39
================================================================================
[2026-02-22T17:54:36.067+0000] {manager.py:887} INFO - 
================================================================================
DAG File Processing Stats

File Path                         PID    Runtime      # DAGs    # Errors  Last Runtime    Last Run
--------------------------------  -----  ---------  --------  ----------  --------------  -------------------
/opt/airflow/dags/airflow_dag.py                           0           1  1.29s           2026-02-22T17:54:10
================================================================================
[2026-02-22T17:55:06.088+0000] {manager.py:887} INFO - 
================================================================================
DAG File Processing Stats

File Path                         PID    Runtime      # DAGs    # Errors  Last Runtime    Last Run
--------------------------------  -----  ---------  --------  ----------  --------------  -------------------
/opt/airflow/dags/airflow_dag.py                           0           1  0.84s           2026-02-22T17:54:41
================================================================================
[2026-02-22T17:55:36.297+0000] {manager.py:887} INFO - 
================================================================================
DAG File Processing Stats

File Path                         PID    Runtime      # DAGs    # Errors  Last Runtime    Last Run
--------------------------------  -----  ---------  --------  ----------  --------------  -------------------
/opt/airflow/dags/airflow_dag.py                           0           1  0.54s           2026-02-22T17:55:12
================================================================================
[2026-02-22T17:56:06.402+0000] {manager.py:887} INFO - 
================================================================================
DAG File Processing Stats

File Path                         PID    Runtime      # DAGs    # Errors  Last Runtime    Last Run
--------------------------------  -----  ---------  --------  ----------  --------------  -------------------
/opt/airflow/dags/airflow_dag.py                           0           1  0.41s           2026-02-22T17:55:43
================================================================================
[2026-02-22T17:56:36.606+0000] {manager.py:887} INFO - 
================================================================================
DAG File Processing Stats

File Path                         PID    Runtime      # DAGs    # Errors  Last Runtime    Last Run
--------------------------------  -----  ---------  --------  ----------  --------------  -------------------
/opt/airflow/dags/airflow_dag.py                           0           1  0.39s           2026-02-22T17:56:13
================================================================================
[2026-02-22T17:57:06.634+0000] {manager.py:887} INFO - 
================================================================================
DAG File Processing Stats

File Path                         PID    Runtime      # DAGs    # Errors  Last Runtime    Last Run
--------------------------------  -----  ---------  --------  ----------  --------------  -------------------
/opt/airflow/dags/airflow_dag.py                           0           1  0.44s           2026-02-22T17:56:44
================================================================================
[2026-02-22T17:57:36.819+0000] {manager.py:887} INFO - 
================================================================================
DAG File Processing Stats

File Path                         PID    Runtime      # DAGs    # Errors  Last Runtime    Last Run
--------------------------------  -----  ---------  --------  ----------  --------------  -------------------
/opt/airflow/dags/airflow_dag.py                           0           1  0.52s           2026-02-22T17:57:15
================================================================================
[2026-02-22T17:58:03.540+0000] {manager.py:755} INFO - Searching for files in /opt/airflow/dags
[2026-02-22T17:58:03.651+0000] {manager.py:758} INFO - There are 1 files in /opt/airflow/dags
[2026-02-22T17:58:07.015+0000] {manager.py:887} INFO - 
================================================================================
DAG File Processing Stats

File Path                         PID    Runtime      # DAGs    # Errors  Last Runtime    Last Run
--------------------------------  -----  ---------  --------  ----------  --------------  -------------------
/opt/airflow/dags/airflow_dag.py                           0           1  0.44s           2026-02-22T17:57:45
================================================================================
[2026-02-22T17:58:37.258+0000] {manager.py:887} INFO - 
================================================================================
DAG File Processing Stats

File Path                         PID    Runtime      # DAGs    # Errors  Last Runtime    Last Run
--------------------------------  -----  ---------  --------  ----------  --------------  -------------------
/opt/airflow/dags/airflow_dag.py                           0           1  0.43s           2026-02-22T17:58:16
================================================================================
[2026-02-22T17:59:07.873+0000] {manager.py:887} INFO - 
================================================================================
DAG File Processing Stats

File Path                         PID    Runtime      # DAGs    # Errors  Last Runtime    Last Run
--------------------------------  -----  ---------  --------  ----------  --------------  -------------------
/opt/airflow/dags/airflow_dag.py                           0           1  0.34s           2026-02-22T17:58:47
================================================================================
[2026-02-22T17:59:38.524+0000] {manager.py:887} INFO - 
================================================================================
DAG File Processing Stats

File Path                         PID    Runtime      # DAGs    # Errors  Last Runtime    Last Run
--------------------------------  -----  ---------  --------  ----------  --------------  -------------------
/opt/airflow/dags/airflow_dag.py                           0           1  0.34s           2026-02-22T17:59:17
================================================================================
[2026-02-22T18:00:08.528+0000] {manager.py:887} INFO - 
================================================================================
DAG File Processing Stats

File Path                         PID    Runtime      # DAGs    # Errors  Last Runtime    Last Run
--------------------------------  -----  ---------  --------  ----------  --------------  -------------------
/opt/airflow/dags/airflow_dag.py                           0           1  0.45s           2026-02-22T17:59:48
================================================================================
[2026-02-22T18:00:38.748+0000] {manager.py:887} INFO - 
================================================================================
DAG File Processing Stats

File Path                         PID    Runtime      # DAGs    # Errors  Last Runtime    Last Run
--------------------------------  -----  ---------  --------  ----------  --------------  -------------------
/opt/airflow/dags/airflow_dag.py                           0           1  0.44s           2026-02-22T18:00:19
================================================================================
[2026-02-22T18:01:08.878+0000] {manager.py:887} INFO - 
================================================================================
DAG File Processing Stats

File Path                         PID    Runtime      # DAGs    # Errors  Last Runtime    Last Run
--------------------------------  -----  ---------  --------  ----------  --------------  -------------------
/opt/airflow/dags/airflow_dag.py                           0           1  0.43s           2026-02-22T18:00:49
================================================================================
[2026-02-22T18:01:39.105+0000] {manager.py:887} INFO - 
================================================================================
DAG File Processing Stats

File Path                         PID    Runtime      # DAGs    # Errors  Last Runtime    Last Run
--------------------------------  -----  ---------  --------  ----------  --------------  -------------------
/opt/airflow/dags/airflow_dag.py                           0           1  0.47s           2026-02-22T18:01:20
================================================================================
[2026-02-22T18:02:09.144+0000] {manager.py:887} INFO - 
================================================================================
DAG File Processing Stats

File Path                         PID    Runtime      # DAGs    # Errors  Last Runtime    Last Run
--------------------------------  -----  ---------  --------  ----------  --------------  -------------------
/opt/airflow/dags/airflow_dag.py                           0           1  0.33s           2026-02-22T18:01:51
================================================================================
[2026-02-22T18:02:39.395+0000] {manager.py:887} INFO - 
================================================================================
DAG File Processing Stats

File Path                         PID    Runtime      # DAGs    # Errors  Last Runtime    Last Run
--------------------------------  -----  ---------  --------  ----------  --------------  -------------------
/opt/airflow/dags/airflow_dag.py                           0           1  0.33s           2026-02-22T18:02:21
================================================================================
[2026-02-22T18:03:03.858+0000] {manager.py:755} INFO - Searching for files in /opt/airflow/dags
[2026-02-22T18:03:03.921+0000] {manager.py:758} INFO - There are 1 files in /opt/airflow/dags
[2026-02-22T18:03:09.978+0000] {manager.py:887} INFO - 
================================================================================
DAG File Processing Stats

File Path                         PID    Runtime      # DAGs    # Errors  Last Runtime    Last Run
--------------------------------  -----  ---------  --------  ----------  --------------  -------------------
/opt/airflow/dags/airflow_dag.py                           0           1  0.36s           2026-02-22T18:02:52
================================================================================
[2026-02-22T18:03:39.980+0000] {manager.py:887} INFO - 
================================================================================
DAG File Processing Stats

File Path                         PID    Runtime      # DAGs    # Errors  Last Runtime    Last Run
--------------------------------  -----  ---------  --------  ----------  --------------  -------------------
/opt/airflow/dags/airflow_dag.py                           0           1  0.45s           2026-02-22T18:03:22
================================================================================
[2026-02-22T18:04:10.232+0000] {manager.py:887} INFO - 
================================================================================
DAG File Processing Stats

File Path                         PID    Runtime      # DAGs    # Errors  Last Runtime    Last Run
--------------------------------  -----  ---------  --------  ----------  --------------  -------------------
/opt/airflow/dags/airflow_dag.py                           0           1  0.42s           2026-02-22T18:03:53
================================================================================
[2026-02-22T18:04:40.318+0000] {manager.py:887} INFO - 
================================================================================
DAG File Processing Stats

File Path                         PID    Runtime      # DAGs    # Errors  Last Runtime    Last Run
--------------------------------  -----  ---------  --------  ----------  --------------  -------------------
/opt/airflow/dags/airflow_dag.py                           0           1  0.42s           2026-02-22T18:04:24
================================================================================
[2026-02-22T18:05:10.609+0000] {manager.py:887} INFO - 
================================================================================
DAG File Processing Stats

File Path                         PID    Runtime      # DAGs    # Errors  Last Runtime    Last Run
--------------------------------  -----  ---------  --------  ----------  --------------  -------------------
/opt/airflow/dags/airflow_dag.py                           0           1  0.33s           2026-02-22T18:04:54
================================================================================
[2026-02-22T18:05:41.134+0000] {manager.py:887} INFO - 
================================================================================
DAG File Processing Stats

File Path                         PID    Runtime      # DAGs    # Errors  Last Runtime    Last Run
--------------------------------  -----  ---------  --------  ----------  --------------  -------------------
/opt/airflow/dags/airflow_dag.py                           0           1  0.35s           2026-02-22T18:05:25
================================================================================
[2026-02-22T18:06:11.195+0000] {manager.py:887} INFO - 
================================================================================
DAG File Processing Stats

File Path                         PID    Runtime      # DAGs    # Errors  Last Runtime    Last Run
--------------------------------  -----  ---------  --------  ----------  --------------  -------------------
/opt/airflow/dags/airflow_dag.py                           0           1  0.45s           2026-02-22T18:05:56
================================================================================
[2026-02-22T18:06:41.425+0000] {manager.py:887} INFO - 
================================================================================
DAG File Processing Stats

File Path                         PID    Runtime      # DAGs    # Errors  Last Runtime    Last Run
--------------------------------  -----  ---------  --------  ----------  --------------  -------------------
/opt/airflow/dags/airflow_dag.py                           0           1  0.44s           2026-02-22T18:06:26
================================================================================
[2026-02-22T18:07:11.559+0000] {manager.py:887} INFO - 
================================================================================
DAG File Processing Stats

File Path                         PID    Runtime      # DAGs    # Errors  Last Runtime    Last Run
--------------------------------  -----  ---------  --------  ----------  --------------  -------------------
/opt/airflow/dags/airflow_dag.py                           0           1  0.42s           2026-02-22T18:06:57
================================================================================
[2026-02-22T18:07:41.796+0000] {manager.py:887} INFO - 
================================================================================
DAG File Processing Stats

File Path                         PID    Runtime      # DAGs    # Errors  Last Runtime    Last Run
--------------------------------  -----  ---------  --------  ----------  --------------  -------------------
/opt/airflow/dags/airflow_dag.py                           0           1  0.42s           2026-02-22T18:07:28
================================================================================
[2026-02-22T18:08:04.385+0000] {manager.py:755} INFO - Searching for files in /opt/airflow/dags
[2026-02-22T18:08:04.448+0000] {manager.py:758} INFO - There are 1 files in /opt/airflow/dags
[2026-02-22T18:08:11.859+0000] {manager.py:887} INFO - 
================================================================================
DAG File Processing Stats

File Path                         PID    Runtime      # DAGs    # Errors  Last Runtime    Last Run
--------------------------------  -----  ---------  --------  ----------  --------------  -------------------
/opt/airflow/dags/airflow_dag.py                           0           1  0.43s           2026-02-22T18:07:58
================================================================================
[2026-02-22T18:08:42.032+0000] {manager.py:887} INFO - 
================================================================================
DAG File Processing Stats

File Path                         PID    Runtime      # DAGs    # Errors  Last Runtime    Last Run
--------------------------------  -----  ---------  --------  ----------  --------------  -------------------
/opt/airflow/dags/airflow_dag.py                           0           1  0.33s           2026-02-22T18:08:29
================================================================================
[2026-02-22T18:09:12.568+0000] {manager.py:887} INFO - 
================================================================================
DAG File Processing Stats

File Path                         PID    Runtime      # DAGs    # Errors  Last Runtime    Last Run
--------------------------------  -----  ---------  --------  ----------  --------------  -------------------
/opt/airflow/dags/airflow_dag.py                           0           1  0.44s           2026-02-22T18:08:59
================================================================================
[2026-02-22T18:09:42.699+0000] {manager.py:887} INFO - 
================================================================================
DAG File Processing Stats

File Path                         PID    Runtime      # DAGs    # Errors  Last Runtime    Last Run
--------------------------------  -----  ---------  --------  ----------  --------------  -------------------
/opt/airflow/dags/airflow_dag.py                           0           1  0.46s           2026-02-22T18:09:30
================================================================================
[2026-02-22T18:10:12.884+0000] {manager.py:887} INFO - 
================================================================================
DAG File Processing Stats

File Path                         PID    Runtime      # DAGs    # Errors  Last Runtime    Last Run
--------------------------------  -----  ---------  --------  ----------  --------------  -------------------
/opt/airflow/dags/airflow_dag.py                           0           1  0.45s           2026-02-22T18:10:01
================================================================================
[2026-02-22T18:10:42.994+0000] {manager.py:887} INFO - 
================================================================================
DAG File Processing Stats

File Path                         PID    Runtime      # DAGs    # Errors  Last Runtime    Last Run
--------------------------------  -----  ---------  --------  ----------  --------------  -------------------
/opt/airflow/dags/airflow_dag.py                           0           1  0.46s           2026-02-22T18:10:31
================================================================================
[2026-02-22T18:11:13.202+0000] {manager.py:887} INFO - 
================================================================================
DAG File Processing Stats

File Path                         PID    Runtime      # DAGs    # Errors  Last Runtime    Last Run
--------------------------------  -----  ---------  --------  ----------  --------------  -------------------
/opt/airflow/dags/airflow_dag.py                           0           1  0.49s           2026-02-22T18:11:02
================================================================================
[2026-02-22T18:11:43.255+0000] {manager.py:887} INFO - 
================================================================================
DAG File Processing Stats

File Path                         PID    Runtime      # DAGs    # Errors  Last Runtime    Last Run
--------------------------------  -----  ---------  --------  ----------  --------------  -------------------
/opt/airflow/dags/airflow_dag.py                           0           1  0.34s           2026-02-22T18:11:33
================================================================================
[2026-02-22T18:12:13.489+0000] {manager.py:887} INFO - 
================================================================================
DAG File Processing Stats

File Path                         PID    Runtime      # DAGs    # Errors  Last Runtime    Last Run
--------------------------------  -----  ---------  --------  ----------  --------------  -------------------
/opt/airflow/dags/airflow_dag.py                           0           1  0.42s           2026-02-22T18:12:03
================================================================================
[2026-02-22T18:12:43.570+0000] {manager.py:887} INFO - 
================================================================================
DAG File Processing Stats

File Path                         PID    Runtime      # DAGs    # Errors  Last Runtime    Last Run
--------------------------------  -----  ---------  --------  ----------  --------------  -------------------
/opt/airflow/dags/airflow_dag.py                           0           1  0.44s           2026-02-22T18:12:34
================================================================================
[2026-02-22T18:13:04.729+0000] {manager.py:755} INFO - Searching for files in /opt/airflow/dags
[2026-02-22T18:13:04.790+0000] {manager.py:758} INFO - There are 1 files in /opt/airflow/dags
[2026-02-22T18:13:13.883+0000] {manager.py:887} INFO - 
================================================================================
DAG File Processing Stats

File Path                         PID    Runtime      # DAGs    # Errors  Last Runtime    Last Run
--------------------------------  -----  ---------  --------  ----------  --------------  -------------------
/opt/airflow/dags/airflow_dag.py                           0           1  0.42s           2026-02-22T18:13:05
================================================================================
[2026-02-22T18:13:44.024+0000] {manager.py:887} INFO - 
================================================================================
DAG File Processing Stats

File Path                         PID    Runtime      # DAGs    # Errors  Last Runtime    Last Run
--------------------------------  -----  ---------  --------  ----------  --------------  -------------------
/opt/airflow/dags/airflow_dag.py                           0           1  0.47s           2026-02-22T18:13:35
================================================================================
[2026-02-22T18:14:14.272+0000] {manager.py:887} INFO - 
================================================================================
DAG File Processing Stats

File Path                         PID    Runtime      # DAGs    # Errors  Last Runtime    Last Run
--------------------------------  -----  ---------  --------  ----------  --------------  -------------------
/opt/airflow/dags/airflow_dag.py                           0           1  0.33s           2026-02-22T18:14:06
================================================================================
[2026-02-22T18:14:44.293+0000] {manager.py:887} INFO - 
================================================================================
DAG File Processing Stats

File Path                         PID    Runtime      # DAGs    # Errors  Last Runtime    Last Run
--------------------------------  -----  ---------  --------  ----------  --------------  -------------------
/opt/airflow/dags/airflow_dag.py                           0           1  0.43s           2026-02-22T18:14:37
================================================================================
[2026-02-22T18:15:14.543+0000] {manager.py:887} INFO - 
================================================================================
DAG File Processing Stats

File Path                         PID    Runtime      # DAGs    # Errors  Last Runtime    Last Run
--------------------------------  -----  ---------  --------  ----------  --------------  -------------------
/opt/airflow/dags/airflow_dag.py                           0           1  0.54s           2026-02-22T18:15:08
================================================================================
[2026-02-22T18:15:44.742+0000] {manager.py:887} INFO - 
================================================================================
DAG File Processing Stats

File Path                         PID    Runtime      # DAGs    # Errors  Last Runtime    Last Run
--------------------------------  -----  ---------  --------  ----------  --------------  -------------------
/opt/airflow/dags/airflow_dag.py                           0           1  0.47s           2026-02-22T18:15:38
================================================================================
[2026-02-22T18:16:15.024+0000] {manager.py:887} INFO - 
================================================================================
DAG File Processing Stats

File Path                         PID    Runtime      # DAGs    # Errors  Last Runtime    Last Run
--------------------------------  -----  ---------  --------  ----------  --------------  -------------------
/opt/airflow/dags/airflow_dag.py                           0           1  0.45s           2026-02-22T18:16:09
================================================================================
[2026-02-22T18:16:45.270+0000] {manager.py:887} INFO - 
================================================================================
DAG File Processing Stats

File Path                         PID    Runtime      # DAGs    # Errors  Last Runtime    Last Run
--------------------------------  -----  ---------  --------  ----------  --------------  -------------------
/opt/airflow/dags/airflow_dag.py                           0           1  0.56s           2026-02-22T18:16:40
================================================================================
[2026-02-22T18:17:15.896+0000] {manager.py:887} INFO - 
================================================================================
DAG File Processing Stats

File Path                         PID    Runtime      # DAGs    # Errors  Last Runtime    Last Run
--------------------------------  -----  ---------  --------  ----------  --------------  -------------------
/opt/airflow/dags/airflow_dag.py                           0           1  0.49s           2026-02-22T18:17:10
================================================================================
[2026-02-22T18:17:45.950+0000] {manager.py:887} INFO - 
================================================================================
DAG File Processing Stats

File Path                         PID    Runtime      # DAGs    # Errors  Last Runtime    Last Run
--------------------------------  -----  ---------  --------  ----------  --------------  -------------------
/opt/airflow/dags/airflow_dag.py                           0           1  0.82s           2026-02-22T18:17:41
================================================================================
[2026-02-22T18:17:54.498+0000] {manager.py:469} INFO - Exiting gracefully upon receiving signal 15
[2026-02-22T18:18:23.541+0000] {manager.py:487} INFO - Processing files using up to 2 processes at a time 
[2026-02-22T18:18:23.542+0000] {manager.py:488} INFO - Process each file at most once every 30 seconds
[2026-02-22T18:18:23.542+0000] {manager.py:489} INFO - Checking for new files in /opt/airflow/dags every 300 seconds
[2026-02-22T18:18:23.543+0000] {manager.py:755} INFO - Searching for files in /opt/airflow/dags
[2026-02-22T18:18:23.658+0000] {manager.py:758} INFO - There are 1 files in /opt/airflow/dags
[2026-02-22T18:18:23.958+0000] {manager.py:887} INFO - 
================================================================================
DAG File Processing Stats

File Path                           PID  Runtime      # DAGs    # Errors  Last Runtime    Last Run
--------------------------------  -----  ---------  --------  ----------  --------------  ----------
/opt/airflow/dags/airflow_dag.py    163  0.13s             0           0
================================================================================
[2026-02-22T18:18:54.193+0000] {manager.py:887} INFO - 
================================================================================
DAG File Processing Stats

File Path                         PID    Runtime      # DAGs    # Errors  Last Runtime    Last Run
--------------------------------  -----  ---------  --------  ----------  --------------  -------------------
/opt/airflow/dags/airflow_dag.py                           0           1  1.37s           2026-02-22T18:18:25
================================================================================
[2026-02-22T18:19:24.429+0000] {manager.py:887} INFO - 
================================================================================
DAG File Processing Stats

File Path                         PID    Runtime      # DAGs    # Errors  Last Runtime    Last Run
--------------------------------  -----  ---------  --------  ----------  --------------  -------------------
/opt/airflow/dags/airflow_dag.py                           0           1  1.02s           2026-02-22T18:18:56
================================================================================
[2026-02-22T18:19:54.669+0000] {manager.py:887} INFO - 
================================================================================
DAG File Processing Stats

File Path                         PID    Runtime      # DAGs    # Errors  Last Runtime    Last Run
--------------------------------  -----  ---------  --------  ----------  --------------  -------------------
/opt/airflow/dags/airflow_dag.py                           0           1  1.17s           2026-02-22T18:19:27
================================================================================
[2026-02-22T18:20:25.008+0000] {manager.py:887} INFO - 
================================================================================
DAG File Processing Stats

File Path                         PID    Runtime      # DAGs    # Errors  Last Runtime    Last Run
--------------------------------  -----  ---------  --------  ----------  --------------  -------------------
/opt/airflow/dags/airflow_dag.py                           0           1  0.57s           2026-02-22T18:19:58
================================================================================
[2026-02-22T18:20:55.710+0000] {manager.py:887} INFO - 
================================================================================
DAG File Processing Stats

File Path                         PID    Runtime      # DAGs    # Errors  Last Runtime    Last Run
--------------------------------  -----  ---------  --------  ----------  --------------  -------------------
/opt/airflow/dags/airflow_dag.py                           0           1  0.34s           2026-02-22T18:20:28
================================================================================
[2026-02-22T18:21:26.200+0000] {manager.py:887} INFO - 
================================================================================
DAG File Processing Stats

File Path                         PID    Runtime      # DAGs    # Errors  Last Runtime    Last Run
--------------------------------  -----  ---------  --------  ----------  --------------  -------------------
/opt/airflow/dags/airflow_dag.py                           0           1  0.40s           2026-02-22T18:20:59
================================================================================
[2026-02-22T18:21:56.557+0000] {manager.py:887} INFO - 
================================================================================
DAG File Processing Stats

File Path                         PID    Runtime      # DAGs    # Errors  Last Runtime    Last Run
--------------------------------  -----  ---------  --------  ----------  --------------  -------------------
/opt/airflow/dags/airflow_dag.py                           0           1  0.33s           2026-02-22T18:21:29
================================================================================
[2026-02-22T18:22:26.958+0000] {manager.py:887} INFO - 
================================================================================
DAG File Processing Stats

File Path                         PID    Runtime      # DAGs    # Errors  Last Runtime    Last Run
--------------------------------  -----  ---------  --------  ----------  --------------  -------------------
/opt/airflow/dags/airflow_dag.py                           0           1  0.39s           2026-02-22T18:22:00
================================================================================
[2026-02-22T18:22:56.975+0000] {manager.py:887} INFO - 
================================================================================
DAG File Processing Stats

File Path                         PID    Runtime      # DAGs    # Errors  Last Runtime    Last Run
--------------------------------  -----  ---------  --------  ----------  --------------  -------------------
/opt/airflow/dags/airflow_dag.py                           0           1  0.58s           2026-02-22T18:22:31
================================================================================
[2026-02-22T18:23:23.642+0000] {manager.py:755} INFO - Searching for files in /opt/airflow/dags
[2026-02-22T18:23:23.714+0000] {manager.py:758} INFO - There are 1 files in /opt/airflow/dags
[2026-02-22T18:23:27.576+0000] {manager.py:887} INFO - 
================================================================================
DAG File Processing Stats

File Path                         PID    Runtime      # DAGs    # Errors  Last Runtime    Last Run
--------------------------------  -----  ---------  --------  ----------  --------------  -------------------
/opt/airflow/dags/airflow_dag.py                           0           1  0.50s           2026-02-22T18:23:02
================================================================================
[2026-02-22T18:23:58.081+0000] {manager.py:887} INFO - 
================================================================================
DAG File Processing Stats

File Path                         PID    Runtime      # DAGs    # Errors  Last Runtime    Last Run
--------------------------------  -----  ---------  --------  ----------  --------------  -------------------
/opt/airflow/dags/airflow_dag.py                           0           1  0.49s           2026-02-22T18:23:33
================================================================================
[2026-02-22T18:24:28.558+0000] {manager.py:887} INFO - 
================================================================================
DAG File Processing Stats

File Path                         PID    Runtime      # DAGs    # Errors  Last Runtime    Last Run
--------------------------------  -----  ---------  --------  ----------  --------------  -------------------
/opt/airflow/dags/airflow_dag.py                           0           1  0.34s           2026-02-22T18:24:03
================================================================================
[2026-02-22T18:24:58.874+0000] {manager.py:887} INFO - 
================================================================================
DAG File Processing Stats

File Path                         PID    Runtime      # DAGs    # Errors  Last Runtime    Last Run
--------------------------------  -----  ---------  --------  ----------  --------------  -------------------
/opt/airflow/dags/airflow_dag.py                           0           1  0.33s           2026-02-22T18:24:33
================================================================================
[2026-02-22T18:25:29.337+0000] {manager.py:887} INFO - 
================================================================================
DAG File Processing Stats

File Path                         PID    Runtime      # DAGs    # Errors  Last Runtime    Last Run
--------------------------------  -----  ---------  --------  ----------  --------------  -------------------
/opt/airflow/dags/airflow_dag.py                           0           1  0.32s           2026-02-22T18:25:04
================================================================================
[2026-02-22T18:25:59.479+0000] {manager.py:887} INFO - 
================================================================================
DAG File Processing Stats

File Path                         PID    Runtime      # DAGs    # Errors  Last Runtime    Last Run
--------------------------------  -----  ---------  --------  ----------  --------------  -------------------
/opt/airflow/dags/airflow_dag.py                           0           1  0.60s           2026-02-22T18:25:35
================================================================================
[2026-02-22T18:26:13.332+0000] {manager.py:469} INFO - Exiting gracefully upon receiving signal 15
